#
# There is insufficient memory for the Java Runtime Environment to continue.
# Native memory allocation (malloc) failed to allocate 138412032 bytes for committing reserved memory.
# Possible reasons:
#   The system is out of physical RAM or swap space
#   In 32 bit mode, the process size limit was hit
# Possible solutions:
#   Reduce memory load on the system
#   Increase physical memory or swap space
#   Check if swap backing store is full
#   Use 64 bit Java on a 64 bit OS
#   Decrease Java heap size (-Xmx/-Xms)
#   Decrease number of Java threads
#   Decrease Java thread stack sizes (-Xss)
#   Set larger code cache with -XX:ReservedCodeCacheSize=
# This output file may be truncated or incomplete.
#
#  Out of Memory Error (os_linux.cpp:2809), pid=12531, tid=140076737382144
#
# JRE version: OpenJDK Runtime Environment (7.0_79-b14) (build 1.7.0_79-b14)
# Java VM: OpenJDK 64-Bit Server VM (24.79-b02 mixed mode linux-amd64 compressed oops)
# Derivative: IcedTea 2.5.5
# Distribution: Ubuntu 14.04 LTS, package 7u79-2.5.5-0ubuntu0.14.04.2
# Failed to write core dump. Core dumps have been disabled. To enable core dumping, try "ulimit -c unlimited" before starting Java again
#

---------------  T H R E A D  ---------------

Current thread (0x00007f6624075800):  VMThread [stack: 0x00007f66281c4000,0x00007f66282c5000] [id=12539]

Stack: [0x00007f66281c4000,0x00007f66282c5000],  sp=0x00007f66282c3490,  free space=1021k
Native frames: (J=compiled Java code, j=interpreted, Vv=VM code, C=native code)
V  [libjvm.so+0x94aec5]  VMError::report_and_die()+0x175
V  [libjvm.so+0x48b9c4]  report_vm_out_of_memory(char const*, int, unsigned long, char const*)+0x74
V  [libjvm.so+0x7c806b]  os::pd_commit_memory(char*, unsigned long, unsigned long, bool)+0xeb
V  [libjvm.so+0x7c2b0f]  os::commit_memory(char*, unsigned long, unsigned long, bool)+0x1f
V  [libjvm.so+0x83500b]  PSVirtualSpace::expand_by(unsigned long)+0x5b
V  [libjvm.so+0x835e60]  PSYoungGen::resize_generation(unsigned long, unsigned long)+0xb0
V  [libjvm.so+0x83654b]  PSYoungGen::resize(unsigned long, unsigned long)+0x1b
V  [libjvm.so+0x832830]  PSScavenge::invoke_no_policy()+0xde0
V  [libjvm.so+0x833008]  PSScavenge::invoke()+0x38
V  [libjvm.so+0x7e96f3]  ParallelScavengeHeap::failed_mem_allocate(unsigned long)+0x63
V  [libjvm.so+0x94c8c4]  VM_ParallelGCFailedAllocation::doit()+0x84
V  [libjvm.so+0x950dc7]  VM_Operation::evaluate()+0x47
V  [libjvm.so+0x94f738]  VMThread::evaluate_operation(VM_Operation*)+0x318
V  [libjvm.so+0x94fb99]  VMThread::loop()+0x219
V  [libjvm.so+0x94ffe2]  VMThread::run()+0x72
V  [libjvm.so+0x7c4f32]  java_start(Thread*)+0xf2

VM_Operation (0x00007f660f9ef710): ParallelGCFailedAllocation, mode: safepoint, requested by thread 0x00007f65e400c800


---------------  P R O C E S S  ---------------

Java Threads: ( => current thread )
  0x00007f65d0382000 JavaThread "File lock request listener" [_thread_in_native, id=12557, stack(0x00007f660f6bc000,0x00007f660f7bd000)]
  0x00007f65d0235000 JavaThread "process reaper" daemon [_thread_blocked, id=12556, stack(0x00007f660f7bd000,0x00007f660f7f6000)]
  0x00007f65d000f000 JavaThread "Stdin handler" [_thread_blocked, id=12554, stack(0x00007f660f7f6000,0x00007f660f8f7000)]
  0x00007f65e400c800 JavaThread "Daemon worker" [_thread_blocked, id=12551, stack(0x00007f660f8f7000,0x00007f660f9f8000)]
  0x00007f65e4008000 JavaThread "Cancel handler" [_thread_blocked, id=12550, stack(0x00007f660f9f8000,0x00007f660faf9000)]
  0x00007f65e4005800 JavaThread "Handler for socket connection from /127.0.0.1:44412 to /127.0.0.1:47805" [_thread_in_native, id=12549, stack(0x00007f660faf9000,0x00007f660fbfa000)]
  0x00007f65e0029800 JavaThread "Daemon" [_thread_blocked, id=12548, stack(0x00007f660fbfa000,0x00007f660fcfb000)]
  0x00007f66249c3800 JavaThread "Incoming local TCP Connector on port 44412" [_thread_in_native, id=12547, stack(0x00007f660fcfb000,0x00007f660fdfc000)]
  0x00007f66240af000 JavaThread "Service Thread" daemon [_thread_blocked, id=12545, stack(0x00007f661dc19000,0x00007f661dd1a000)]
  0x00007f66240ac800 JavaThread "C2 CompilerThread1" daemon [_thread_blocked, id=12544, stack(0x00007f661dd1a000,0x00007f661de1b000)]
  0x00007f66240a9800 JavaThread "C2 CompilerThread0" daemon [_thread_blocked, id=12543, stack(0x00007f661de1b000,0x00007f661df1c000)]
  0x00007f66240a7800 JavaThread "Signal Dispatcher" daemon [_thread_blocked, id=12542, stack(0x00007f661df1c000,0x00007f661e01d000)]
  0x00007f662407c000 JavaThread "Finalizer" daemon [_thread_blocked, id=12541, stack(0x00007f661e6ff000,0x00007f661e800000)]
  0x00007f662407a000 JavaThread "Reference Handler" daemon [_thread_blocked, id=12540, stack(0x00007f66280c3000,0x00007f66281c4000)]
  0x00007f662400a800 JavaThread "main" [_thread_blocked, id=12534, stack(0x00007f662d416000,0x00007f662d517000)]

Other Threads:
=>0x00007f6624075800 VMThread [stack: 0x00007f66281c4000,0x00007f66282c5000] [id=12539]
  0x00007f66240b9800 WatcherThread [stack: 0x00007f661db18000,0x00007f661dc19000] [id=12546]

VM state:at safepoint (normal execution)

VM Mutex/Monitor currently owned by a thread:  ([mutex/lock_event])
[0x00007f66240068c0] Threads_lock - owner thread: 0x00007f6624075800
[0x00007f6624006dc0] Heap_lock - owner thread: 0x00007f65e400c800

Heap
 PSYoungGen      total 134144K, used 12267K [0x00000000eaa80000, 0x00000000f3a80000, 0x0000000100000000)
  eden space 121856K, 0% used [0x00000000eaa80000,0x00000000eaa80000,0x00000000f2180000)
  from space 12288K, 99% used [0x00000000f2180000,0x00000000f2d7ae60,0x00000000f2d80000)
  to   space 11264K, 0% used [0x00000000f2d80000,0x00000000f2d80000,0x00000000f3880000)
 ParOldGen       total 40960K, used 24697K [0x00000000c0000000, 0x00000000c2800000, 0x00000000eaa80000)
  object space 40960K, 60% used [0x00000000c0000000,0x00000000c181e6b8,0x00000000c2800000)
 PSPermGen       total 35840K, used 35536K [0x00000000b0000000, 0x00000000b2300000, 0x00000000c0000000)
  object space 35840K, 99% used [0x00000000b0000000,0x00000000b22b4030,0x00000000b2300000)

Card table byte_map: [0x00007f6629ddf000,0x00007f662a060000] byte_map_base: 0x00007f662985f000

Polling page: 0x00007f662d53d000

Code Cache  [0x00007f6621000000, 0x00007f6621350000, 0x00007f6624000000)
 total_blobs=1173 nmethods=536 adapters=590 free_code_cache=45900Kb largest_free_block=46893504

Compilation events (10 events):
Event: 15.061 Thread 0x00007f66240ac800 nmethod 576 0x00007f662124bfd0 code [0x00007f662124c100, 0x00007f662124c158]
Event: 15.061 Thread 0x00007f66240ac800  577             org.codehaus.groovy.reflection.CachedMethod$MyComparator::compare (43 bytes)
Event: 15.062 Thread 0x00007f66240ac800 nmethod 577 0x00007f66212f9590 code [0x00007f66212f96e0, 0x00007f66212f9788]
Event: 15.157 Thread 0x00007f66240ac800  578             java.util.TreeMap::put (247 bytes)
Event: 15.202 Thread 0x00007f66240ac800 nmethod 578 0x00007f66213029d0 code [0x00007f6621302be0, 0x00007f6621303630]
Event: 15.202 Thread 0x00007f66240ac800  579             java.util.Collections$EmptyMap::get (2 bytes)
Event: 15.202 Thread 0x00007f66240ac800 nmethod 579 0x00007f6621304850 code [0x00007f6621304980, 0x00007f66213049d8]
Event: 15.202 Thread 0x00007f66240ac800  580             groovyjarjarasm.asm.ByteVector::putShort (52 bytes)
Event: 15.203 Thread 0x00007f66240ac800 nmethod 580 0x00007f6621304450 code [0x00007f66213045a0, 0x00007f6621304708]
Event: 15.241 Thread 0x00007f66240a9800 nmethod 570 0x00007f6621334a90 code [0x00007f66213354e0, 0x00007f662133cd68]

GC Heap History (10 events):
Event: 0.601 GC heap after
Heap after GC invocations=2 (full 0):
 PSYoungGen      total 33280K, used 2240K [0x00000000eaa80000, 0x00000000ecd80000, 0x0000000100000000)
  eden space 30720K, 0% used [0x00000000eaa80000,0x00000000eaa80000,0x00000000ec880000)
  from space 2560K, 87% used [0x00000000ecb00000,0x00000000ecd30248,0x00000000ecd80000)
  to   space 2560K, 0% used [0x00000000ec880000,0x00000000ec880000,0x00000000ecb00000)
 ParOldGen       total 40960K, used 271K [0x00000000c0000000, 0x00000000c2800000, 0x00000000eaa80000)
  object space 40960K, 0% used [0x00000000c0000000,0x00000000c0043dd0,0x00000000c2800000)
 PSPermGen       total 21504K, used 7001K [0x00000000b0000000, 0x00000000b1500000, 0x00000000c0000000)
  object space 21504K, 32% used [0x00000000b0000000,0x00000000b06d6778,0x00000000b1500000)
}
Event: 1.685 GC heap before
{Heap before GC invocations=3 (full 0):
 PSYoungGen      total 33280K, used 32960K [0x00000000eaa80000, 0x00000000ecd80000, 0x0000000100000000)
  eden space 30720K, 100% used [0x00000000eaa80000,0x00000000ec880000,0x00000000ec880000)
  from space 2560K, 87% used [0x00000000ecb00000,0x00000000ecd30248,0x00000000ecd80000)
  to   space 2560K, 0% used [0x00000000ec880000,0x00000000ec880000,0x00000000ecb00000)
 ParOldGen       total 40960K, used 271K [0x00000000c0000000, 0x00000000c2800000, 0x00000000eaa80000)
  object space 40960K, 0% used [0x00000000c0000000,0x00000000c0043dd0,0x00000000c2800000)
 PSPermGen       total 21504K, used 12127K [0x00000000b0000000, 0x00000000b1500000, 0x00000000c0000000)
  object space 21504K, 56% used [0x00000000b0000000,0x00000000b0bd7d80,0x00000000b1500000)
Event: 1.694 GC heap after
Heap after GC invocations=3 (full 0):
 PSYoungGen      total 33280K, used 2544K [0x00000000eaa80000, 0x00000000eeb80000, 0x0000000100000000)
  eden space 30720K, 0% used [0x00000000eaa80000,0x00000000eaa80000,0x00000000ec880000)
  from space 2560K, 99% used [0x00000000ec880000,0x00000000ecafc010,0x00000000ecb00000)
  to   space 2560K, 0% used [0x00000000ee900000,0x00000000ee900000,0x00000000eeb80000)
 ParOldGen       total 40960K, used 3807K [0x00000000c0000000, 0x00000000c2800000, 0x00000000eaa80000)
  object space 40960K, 9% used [0x00000000c0000000,0x00000000c03b7d90,0x00000000c2800000)
 PSPermGen       total 21504K, used 12127K [0x00000000b0000000, 0x00000000b1500000, 0x00000000c0000000)
  object space 21504K, 56% used [0x00000000b0000000,0x00000000b0bd7d80,0x00000000b1500000)
}
Event: 2.708 GC heap before
{Heap before GC invocations=4 (full 0):
 PSYoungGen      total 33280K, used 33264K [0x00000000eaa80000, 0x00000000eeb80000, 0x0000000100000000)
  eden space 30720K, 100% used [0x00000000eaa80000,0x00000000ec880000,0x00000000ec880000)
  from space 2560K, 99% used [0x00000000ec880000,0x00000000ecafc010,0x00000000ecb00000)
  to   space 2560K, 0% used [0x00000000ee900000,0x00000000ee900000,0x00000000eeb80000)
 ParOldGen       total 40960K, used 3807K [0x00000000c0000000, 0x00000000c2800000, 0x00000000eaa80000)
  object space 40960K, 9% used [0x00000000c0000000,0x00000000c03b7d90,0x00000000c2800000)
 PSPermGen       total 21504K, used 17450K [0x00000000b0000000, 0x00000000b1500000, 0x00000000c0000000)
  object space 21504K, 81% used [0x00000000b0000000,0x00000000b110a948,0x00000000b1500000)
Event: 2.719 GC heap after
Heap after GC invocations=4 (full 0):
 PSYoungGen      total 64000K, used 2560K [0x00000000eaa80000, 0x00000000eeb80000, 0x0000000100000000)
  eden space 61440K, 0% used [0x00000000eaa80000,0x00000000eaa80000,0x00000000ee680000)
  from space 2560K, 100% used [0x00000000ee900000,0x00000000eeb80000,0x00000000eeb80000)
  to   space 2560K, 0% used [0x00000000ee680000,0x00000000ee680000,0x00000000ee900000)
 ParOldGen       total 40960K, used 8260K [0x00000000c0000000, 0x00000000c2800000, 0x00000000eaa80000)
  object space 40960K, 20% used [0x00000000c0000000,0x00000000c08110c8,0x00000000c2800000)
 PSPermGen       total 21504K, used 17450K [0x00000000b0000000, 0x00000000b1500000, 0x00000000c0000000)
  object space 21504K, 81% used [0x00000000b0000000,0x00000000b110a948,0x00000000b1500000)
}
Event: 5.015 GC heap before
{Heap before GC invocations=5 (full 0):
 PSYoungGen      total 64000K, used 64000K [0x00000000eaa80000, 0x00000000eeb80000, 0x0000000100000000)
  eden space 61440K, 100% used [0x00000000eaa80000,0x00000000ee680000,0x00000000ee680000)
  from space 2560K, 100% used [0x00000000ee900000,0x00000000eeb80000,0x00000000eeb80000)
  to   space 2560K, 0% used [0x00000000ee680000,0x00000000ee680000,0x00000000ee900000)
 ParOldGen       total 40960K, used 8260K [0x00000000c0000000, 0x00000000c2800000, 0x00000000eaa80000)
  object space 40960K, 20% used [0x00000000c0000000,0x00000000c08110c8,0x00000000c2800000)
 PSPermGen       total 22528K, used 22209K [0x00000000b0000000, 0x00000000b1600000, 0x00000000c0000000)
  object space 22528K, 98% used [0x00000000b0000000,0x00000000b15b0610,0x00000000b1600000)
Event: 5.048 GC heap after
Heap after GC invocations=5 (full 0):
 PSYoungGen      total 64000K, used 2528K [0x00000000eaa80000, 0x00000000f3880000, 0x0000000100000000)
  eden space 61440K, 0% used [0x00000000eaa80000,0x00000000eaa80000,0x00000000ee680000)
  from space 2560K, 98% used [0x00000000ee680000,0x00000000ee8f8020,0x00000000ee900000)
  to   space 11264K, 0% used [0x00000000f2d80000,0x00000000f2d80000,0x00000000f3880000)
 ParOldGen       total 40960K, used 14943K [0x00000000c0000000, 0x00000000c2800000, 0x00000000eaa80000)
  object space 40960K, 36% used [0x00000000c0000000,0x00000000c0e97eb8,0x00000000c2800000)
 PSPermGen       total 22528K, used 22209K [0x00000000b0000000, 0x00000000b1600000, 0x00000000c0000000)
  object space 22528K, 98% used [0x00000000b0000000,0x00000000b15b0610,0x00000000b1600000)
}
Event: 9.685 GC heap before
{Heap before GC invocations=6 (full 0):
 PSYoungGen      total 64000K, used 63968K [0x00000000eaa80000, 0x00000000f3880000, 0x0000000100000000)
  eden space 61440K, 100% used [0x00000000eaa80000,0x00000000ee680000,0x00000000ee680000)
  from space 2560K, 98% used [0x00000000ee680000,0x00000000ee8f8020,0x00000000ee900000)
  to   space 11264K, 0% used [0x00000000f2d80000,0x00000000f2d80000,0x00000000f3880000)
 ParOldGen       total 40960K, used 14943K [0x00000000c0000000, 0x00000000c2800000, 0x00000000eaa80000)
  object space 40960K, 36% used [0x00000000c0000000,0x00000000c0e97eb8,0x00000000c2800000)
 PSPermGen       total 29696K, used 29637K [0x00000000b0000000, 0x00000000b1d00000, 0x00000000c0000000)
  object space 29696K, 99% used [0x00000000b0000000,0x00000000b1cf1730,0x00000000b1d00000)
Event: 9.703 GC heap after
Heap after GC invocations=6 (full 0):
 PSYoungGen      total 133120K, used 9258K [0x00000000eaa80000, 0x00000000f3a80000, 0x0000000100000000)
  eden space 121856K, 0% used [0x00000000eaa80000,0x00000000eaa80000,0x00000000f2180000)
  from space 11264K, 82% used [0x00000000f2d80000,0x00000000f368ab48,0x00000000f3880000)
  to   space 12288K, 0% used [0x00000000f2180000,0x00000000f2180000,0x00000000f2d80000)
 ParOldGen       total 40960K, used 15015K [0x00000000c0000000, 0x00000000c2800000, 0x00000000eaa80000)
  object space 40960K, 36% used [0x00000000c0000000,0x00000000c0ea9ec8,0x00000000c2800000)
 PSPermGen       total 29696K, used 29637K [0x00000000b0000000, 0x00000000b1d00000, 0x00000000c0000000)
  object space 29696K, 99% used [0x00000000b0000000,0x00000000b1cf1730,0x00000000b1d00000)
}
Event: 15.305 GC heap before
{Heap before GC invocations=7 (full 0):
 PSYoungGen      total 133120K, used 131114K [0x00000000eaa80000, 0x00000000f3a80000, 0x0000000100000000)
  eden space 121856K, 100% used [0x00000000eaa80000,0x00000000f2180000,0x00000000f2180000)
  from space 11264K, 82% used [0x00000000f2d80000,0x00000000f368ab48,0x00000000f3880000)
  to   space 12288K, 0% used [0x00000000f2180000,0x00000000f2180000,0x00000000f2d80000)
 ParOldGen       total 40960K, used 15015K [0x00000000c0000000, 0x00000000c2800000, 0x00000000eaa80000)
  object space 40960K, 36% used [0x00000000c0000000,0x00000000c0ea9ec8,0x00000000c2800000)
 PSPermGen       total 35840K, used 35536K [0x00000000b0000000, 0x00000000b2300000, 0x00000000c0000000)
  object space 35840K, 99% used [0x00000000b0000000,0x00000000b22b4030,0x00000000b2300000)

Deoptimization events (10 events):
Event: 13.812 Thread 0x00007f65e400c800 Uncommon trap: reason=unreached action=reinterpret pc=0x00007f66211d2f04 method=java.lang.ref.ReferenceQueue.poll()Ljava/lang/ref/Reference; @ 4
Event: 14.132 Thread 0x00007f65e400c800 Uncommon trap: reason=array_check action=maybe_recompile pc=0x00007f66212b6de4 method=java.util.ComparableTimSort.binarySort([Ljava/lang/Object;III)V @ 215
Event: 14.141 Thread 0x00007f65e400c800 Uncommon trap: reason=array_check action=maybe_recompile pc=0x00007f66212b6de4 method=java.util.ComparableTimSort.binarySort([Ljava/lang/Object;III)V @ 215
Event: 14.143 Thread 0x00007f65e400c800 Uncommon trap: reason=null_check action=make_not_entrant pc=0x00007f66212a2b48 method=com.sun.beans.WeakCache.get(Ljava/lang/Object;)Ljava/lang/Object; @ 10
Event: 14.196 Thread 0x00007f65e400c800 Uncommon trap: reason=array_check action=maybe_recompile pc=0x00007f66212faa6c method=java.util.ComparableTimSort.binarySort([Ljava/lang/Object;III)V @ 193
Event: 14.238 Thread 0x00007f65e400c800 Uncommon trap: reason=array_check action=maybe_recompile pc=0x00007f66212faa6c method=java.util.ComparableTimSort.binarySort([Ljava/lang/Object;III)V @ 193
Event: 14.273 Thread 0x00007f65e400c800 Uncommon trap: reason=array_check action=maybe_recompile pc=0x00007f66212a0dbc method=java.util.ComparableTimSort.binarySort([Ljava/lang/Object;III)V @ 215
Event: 14.274 Thread 0x00007f65e400c800 Uncommon trap: reason=null_check action=make_not_entrant pc=0x00007f66212c6f1c method=com.sun.beans.WeakCache.get(Ljava/lang/Object;)Ljava/lang/Object; @ 10
Event: 14.276 Thread 0x00007f65e400c800 Uncommon trap: reason=null_check action=make_not_entrant pc=0x00007f662129e9c0 method=com.sun.beans.WeakCache.get(Ljava/lang/Object;)Ljava/lang/Object; @ 10
Event: 14.389 Thread 0x00007f65e400c800 Uncommon trap: reason=null_check action=make_not_entrant pc=0x00007f662130bdd8 method=java.beans.PropertyDescriptor.setReadMethod(Ljava/lang/reflect/Method;)V @ 60

Internal exceptions (10 events):
Event: 15.157 Thread 0x00007f65e400c800 Threw 0x00000000f209a720 at /build/buildd/openjdk-7-7u79-2.5.5/build/openjdk/hotspot/src/share/vm/prims/jvm.cpp:1284
Event: 15.157 Thread 0x00007f65e400c800 Threw 0x00000000f209bb30 at /build/buildd/openjdk-7-7u79-2.5.5/build/openjdk/hotspot/src/share/vm/prims/jvm.cpp:1284
Event: 15.157 Thread 0x00007f65e400c800 Threw 0x00000000f20a30e8 at /build/buildd/openjdk-7-7u79-2.5.5/build/openjdk/hotspot/src/share/vm/prims/jvm.cpp:1284
Event: 15.157 Thread 0x00007f65e400c800 Threw 0x00000000f20a38d0 at /build/buildd/openjdk-7-7u79-2.5.5/build/openjdk/hotspot/src/share/vm/classfile/systemDictionary.cpp:185
Event: 15.159 Thread 0x00007f65e400c800 Threw 0x00000000f20be3c8 at /build/buildd/openjdk-7-7u79-2.5.5/build/openjdk/hotspot/src/share/vm/prims/jvm.cpp:1284
Event: 15.159 Thread 0x00007f65e400c800 Threw 0x00000000f20c5350 at /build/buildd/openjdk-7-7u79-2.5.5/build/openjdk/hotspot/src/share/vm/prims/jvm.cpp:1284
Event: 15.159 Thread 0x00007f65e400c800 Threw 0x00000000f20c7a78 at /build/buildd/openjdk-7-7u79-2.5.5/build/openjdk/hotspot/src/share/vm/prims/jvm.cpp:1284
Event: 15.159 Thread 0x00007f65e400c800 Threw 0x00000000f20c8f40 at /build/buildd/openjdk-7-7u79-2.5.5/build/openjdk/hotspot/src/share/vm/prims/jvm.cpp:1284
Event: 15.159 Thread 0x00007f65e400c800 Threw 0x00000000f20d12e8 at /build/buildd/openjdk-7-7u79-2.5.5/build/openjdk/hotspot/src/share/vm/prims/jvm.cpp:1284
Event: 15.159 Thread 0x00007f65e400c800 Threw 0x00000000f20d1ae0 at /build/buildd/openjdk-7-7u79-2.5.5/build/openjdk/hotspot/src/share/vm/classfile/systemDictionary.cpp:185

Events (10 events):
Event: 15.157 loading class 0x00007f65d0d13810 done
Event: 15.157 loading class 0x00007f65d0d13810
Event: 15.157 loading class 0x00007f65d0d13810 done
Event: 15.159 loading class 0x00007f65d0d13740
Event: 15.159 loading class 0x00007f65d0d13740 done
Event: 15.159 loading class 0x00007f65d0d13740
Event: 15.159 loading class 0x00007f65d0d13740 done
Event: 15.159 loading class 0x00007f65d0d13740
Event: 15.159 loading class 0x00007f65d0d13740 done
Event: 15.246 Executing VM operation: ParallelGCFailedAllocation


Dynamic libraries:
00400000-00401000 r-xp 00000000 08:06 2108923                            /usr/lib/jvm/java-7-openjdk-amd64/jre/bin/java
00600000-00601000 r--p 00000000 08:06 2108923                            /usr/lib/jvm/java-7-openjdk-amd64/jre/bin/java
00601000-00602000 rw-p 00001000 08:06 2108923                            /usr/lib/jvm/java-7-openjdk-amd64/jre/bin/java
0159b000-015bc000 rw-p 00000000 00:00 0                                  [heap]
b0000000-b2300000 rw-p 00000000 00:00 0 
b2300000-c0000000 rw-p 00000000 00:00 0 
c0000000-c2800000 rw-p 00000000 00:00 0 
c2800000-eaa80000 rw-p 00000000 00:00 0 
eaa80000-f3a80000 rw-p 00000000 00:00 0 
fbe80000-100000000 rw-p 00000000 00:00 0 
7f65c8000000-7f65c8021000 rw-p 00000000 00:00 0 
7f65c8021000-7f65cc000000 ---p 00000000 00:00 0 
7f65cc000000-7f65cc021000 rw-p 00000000 00:00 0 
7f65cc021000-7f65d0000000 ---p 00000000 00:00 0 
7f65d0000000-7f65d0d90000 rw-p 00000000 00:00 0 
7f65d0d90000-7f65d4000000 ---p 00000000 00:00 0 
7f65d4000000-7f65d4021000 rw-p 00000000 00:00 0 
7f65d4021000-7f65d8000000 ---p 00000000 00:00 0 
7f65d8000000-7f65d8021000 rw-p 00000000 00:00 0 
7f65d8021000-7f65dc000000 ---p 00000000 00:00 0 
7f65dc000000-7f65dc021000 rw-p 00000000 00:00 0 
7f65dc021000-7f65e0000000 ---p 00000000 00:00 0 
7f65e0000000-7f65e002e000 rw-p 00000000 00:00 0 
7f65e002e000-7f65e4000000 ---p 00000000 00:00 0 
7f65e4000000-7f65e4021000 rw-p 00000000 00:00 0 
7f65e4021000-7f65e8000000 ---p 00000000 00:00 0 
7f65e8000000-7f65e8021000 rw-p 00000000 00:00 0 
7f65e8021000-7f65ec000000 ---p 00000000 00:00 0 
7f65ec000000-7f65ec021000 rw-p 00000000 00:00 0 
7f65ec021000-7f65f0000000 ---p 00000000 00:00 0 
7f65f0000000-7f65f1869000 rw-p 00000000 00:00 0 
7f65f1869000-7f65f4000000 ---p 00000000 00:00 0 
7f65f4000000-7f65f5356000 rw-p 00000000 00:00 0 
7f65f5356000-7f65f8000000 ---p 00000000 00:00 0 
7f65f8000000-7f65f8021000 rw-p 00000000 00:00 0 
7f65f8021000-7f65fc000000 ---p 00000000 00:00 0 
7f65fc000000-7f65fc021000 rw-p 00000000 00:00 0 
7f65fc021000-7f6600000000 ---p 00000000 00:00 0 
7f6600000000-7f6600240000 rw-p 00000000 00:00 0 
7f6600240000-7f6604000000 ---p 00000000 00:00 0 
7f6604000000-7f6604021000 rw-p 00000000 00:00 0 
7f6604021000-7f6608000000 ---p 00000000 00:00 0 
7f6608000000-7f6608026000 rw-p 00000000 00:00 0 
7f6608026000-7f660c000000 ---p 00000000 00:00 0 
7f660dc98000-7f660dc99000 rw-p 00000000 00:00 0 
7f660dc99000-7f660dc9b000 r--s 00004000 08:06 4987563                    /root/.gradle/caches/modules-2/files-2.1/org.ow2.asm/asm-tree/4.0/67bd266cd17adcee486b76952ece4cc85fe248b8/asm-tree-4.0.jar
7f660dc9b000-7f660dca4000 r--s 000a7000 08:06 4987562                    /root/.gradle/caches/modules-2/files-2.1/com.android.tools.external.lombok/lombok-ast/0.2.2/57e560b535ceaa14fb6f15422d74594acd6c5b64/lombok-ast-0.2.2.jar
7f660dca4000-7f660dca6000 r--s 0000a000 08:06 4987561                    /root/.gradle/caches/modules-2/files-2.1/org.ow2.asm/asm/4.0/659add6efc75a4715d738e73f07505246edf4d66/asm-4.0.jar
7f660dca6000-7f660dca8000 r--s 0000d000 08:06 4987560                    /root/.gradle/caches/modules-2/files-2.1/commons-codec/commons-codec/1.4/4216af16d38465bbab0f3dff8efa14204f7a399a/commons-codec-1.4.jar
7f660dca8000-7f660dcaa000 r--s 0000d000 08:06 4987559                    /root/.gradle/caches/modules-2/files-2.1/commons-logging/commons-logging/1.1.1/5043bfebc3db072ed80fbd362e7caf00e885d8ae/commons-logging-1.1.1.jar
7f660dcaa000-7f660dcaf000 r--s 00028000 08:06 4987558                    /root/.gradle/caches/modules-2/files-2.1/org.apache.httpcomponents/httpcore/4.1/33fc26c02f8043ab0ede19eadc8c9885386b255c/httpcore-4.1.jar
7f660dcaf000-7f660dcb0000 r--s 00004000 08:06 4987557                    /root/.gradle/caches/modules-2/files-2.1/org.ow2.asm/asm-analysis/4.0/1c45d52b6f6c638db13cf3ac12adeb56b254cdd7/asm-analysis-4.0.jar
7f660dcb0000-7f660dcb3000 r--s 00029000 08:06 4987556                    /root/.gradle/caches/modules-2/files-2.1/com.android.tools.lint/lint-api/24.0.0/f7b3b232bc6a2a48a48dd3aedb80113c82d6acba/lint-api-24.0.0.jar
7f660dcb3000-7f660dcba000 r--s 00053000 08:06 4987555                    /root/.gradle/caches/modules-2/files-2.1/org.apache.commons/commons-compress/1.8.1/a698750c16740fd5b3871425f4cb3bbaa87f529d/commons-compress-1.8.1.jar
7f660dcba000-7f660dcbc000 r--s 00005000 08:06 4987553                    /root/.gradle/caches/modules-2/files-2.1/org.apache.httpcomponents/httpmime/4.1/9ba2dcdf94ce35c8a8e9bff242db0618ca932e92/httpmime-4.1.jar
7f660dcbc000-7f660dcc4000 r--s 0004e000 08:06 4987552                    /root/.gradle/caches/modules-2/files-2.1/org.apache.httpcomponents/httpclient/4.1.1/3d1d918f32709e33ba7ddb2c4e8d1c543ebe713e/httpclient-4.1.1.jar
7f660dcc4000-7f660dcc7000 r--s 00011000 08:06 4987551                    /root/.gradle/caches/modules-2/files-2.1/com.android.tools.layoutlib/layoutlib-api/24.0.0/a43d5bf045da108875a860767c453078b0d77795/layoutlib-api-24.0.0.jar
7f660dcc7000-7f660dcf2000 r--s 001f9000 08:06 4987549                    /root/.gradle/caches/modules-2/files-2.1/com.google.guava/guava/17.0/9c6ef172e8de35fd8d4d8783e4821e57cdef7445/guava-17.0.jar
7f660dcf2000-7f660dd02000 r--s 000d3000 08:06 4987548                    /root/.gradle/caches/modules-2/files-2.1/net.sf.proguard/proguard-base/5.1/dc606dd778fe4685be16d5a171782ccfe0ef5637/proguard-base-5.1.jar
7f660dd02000-7f660dd11000 r--s 001a9000 08:06 4987547                    /root/.gradle/caches/modules-2/files-2.1/org.eclipse.jdt.core.compiler/ecj/4.2.2/d9fd79499c664bccaf24dbe04be417de6c6af64a/ecj-4.2.2.jar
7f660dd11000-7f660dd1f000 r--s 00081000 08:06 4987545                    /root/.gradle/caches/modules-2/files-2.1/org.bouncycastle/bcpkix-jdk15on/1.48/28b7614b908a47844bb27e3c94b45b6893656265/bcpkix-jdk15on-1.48.jar
7f660dd1f000-7f660dd29000 r--s 000a8000 08:06 4987544                    /root/.gradle/caches/modules-2/files-2.1/com.android.tools/sdklib/24.0.0/df228874ac1c933b64492bdbe2d9bab5ab434166/sdklib-24.0.0.jar
7f660dd29000-7f660dd5c000 r--s 00203000 08:06 4987168                    /root/.gradle/caches/modules-2/files-2.1/org.bouncycastle/bcprov-jdk15on/1.48/960dea7c9181ba0b17e8bab0c06a43f0a5f04e65/bcprov-jdk15on-1.48.jar
7f660dd5c000-7f660dd61000 r-xp 00000000 08:06 13631661                   /lib/x86_64-linux-gnu/libnss_dns-2.19.so
7f660dd61000-7f660df60000 ---p 00005000 08:06 13631661                   /lib/x86_64-linux-gnu/libnss_dns-2.19.so
7f660df60000-7f660df61000 r--p 00004000 08:06 13631661                   /lib/x86_64-linux-gnu/libnss_dns-2.19.so
7f660df61000-7f660df62000 rw-p 00005000 08:06 13631661                   /lib/x86_64-linux-gnu/libnss_dns-2.19.so
7f660df62000-7f660df64000 r-xp 00000000 08:06 13635551                   /lib/x86_64-linux-gnu/libnss_mdns4_minimal.so.2
7f660df64000-7f660e163000 ---p 00002000 08:06 13635551                   /lib/x86_64-linux-gnu/libnss_mdns4_minimal.so.2
7f660e163000-7f660e164000 r--p 00001000 08:06 13635551                   /lib/x86_64-linux-gnu/libnss_mdns4_minimal.so.2
7f660e164000-7f660e165000 rw-p 00002000 08:06 13635551                   /lib/x86_64-linux-gnu/libnss_mdns4_minimal.so.2
7f660e165000-7f660e1dd000 r-xp 00000000 08:06 2500578                    /usr/lib/x86_64-linux-gnu/nss/libfreebl3.so
7f660e1dd000-7f660e3dc000 ---p 00078000 08:06 2500578                    /usr/lib/x86_64-linux-gnu/nss/libfreebl3.so
7f660e3dc000-7f660e3de000 r--p 00077000 08:06 2500578                    /usr/lib/x86_64-linux-gnu/nss/libfreebl3.so
7f660e3de000-7f660e3df000 rw-p 00079000 08:06 2500578                    /usr/lib/x86_64-linux-gnu/nss/libfreebl3.so
7f660e3df000-7f660e3e3000 rw-p 00000000 00:00 0 
7f660e3e3000-7f660e497000 r-xp 00000000 08:06 2105873                    /usr/lib/x86_64-linux-gnu/libsqlite3.so.0.8.6
7f660e497000-7f660e697000 ---p 000b4000 08:06 2105873                    /usr/lib/x86_64-linux-gnu/libsqlite3.so.0.8.6
7f660e697000-7f660e699000 r--p 000b4000 08:06 2105873                    /usr/lib/x86_64-linux-gnu/libsqlite3.so.0.8.6
7f660e699000-7f660e69b000 rw-p 000b6000 08:06 2105873                    /usr/lib/x86_64-linux-gnu/libsqlite3.so.0.8.6
7f660e69b000-7f660e69c000 rw-p 00000000 00:00 0 
7f660e69c000-7f660e6dc000 r-xp 00000000 08:06 2500581                    /usr/lib/x86_64-linux-gnu/nss/libsoftokn3.so
7f660e6dc000-7f660e8dc000 ---p 00040000 08:06 2500581                    /usr/lib/x86_64-linux-gnu/nss/libsoftokn3.so
7f660e8dc000-7f660e8dd000 r--p 00040000 08:06 2500581                    /usr/lib/x86_64-linux-gnu/nss/libsoftokn3.so
7f660e8dd000-7f660e8de000 rw-p 00041000 08:06 2500581                    /usr/lib/x86_64-linux-gnu/nss/libsoftokn3.so
7f660e8de000-7f660e916000 r-xp 00000000 08:06 2099415                    /usr/lib/x86_64-linux-gnu/libnspr4.so
7f660e916000-7f660eb16000 ---p 00038000 08:06 2099415                    /usr/lib/x86_64-linux-gnu/libnspr4.so
7f660eb16000-7f660eb17000 r--p 00038000 08:06 2099415                    /usr/lib/x86_64-linux-gnu/libnspr4.so
7f660eb17000-7f660eb18000 rw-p 00039000 08:06 2099415                    /usr/lib/x86_64-linux-gnu/libnspr4.so
7f660eb18000-7f660eb1b000 rw-p 00000000 00:00 0 
7f660eb1b000-7f660eb1e000 r-xp 00000000 08:06 2099413                    /usr/lib/x86_64-linux-gnu/libplds4.so
7f660eb1e000-7f660ed1d000 ---p 00003000 08:06 2099413                    /usr/lib/x86_64-linux-gnu/libplds4.so
7f660ed1d000-7f660ed1e000 r--p 00002000 08:06 2099413                    /usr/lib/x86_64-linux-gnu/libplds4.so
7f660ed1e000-7f660ed1f000 rw-p 00003000 08:06 2099413                    /usr/lib/x86_64-linux-gnu/libplds4.so
7f660ed1f000-7f660ed23000 r-xp 00000000 08:06 2099414                    /usr/lib/x86_64-linux-gnu/libplc4.so
7f660ed23000-7f660ef22000 ---p 00004000 08:06 2099414                    /usr/lib/x86_64-linux-gnu/libplc4.so
7f660ef22000-7f660ef23000 r--p 00003000 08:06 2099414                    /usr/lib/x86_64-linux-gnu/libplc4.so
7f660ef23000-7f660ef24000 rw-p 00004000 08:06 2099414                    /usr/lib/x86_64-linux-gnu/libplc4.so
7f660ef24000-7f660ef49000 r-xp 00000000 08:06 2107106                    /usr/lib/x86_64-linux-gnu/libnssutil3.so
7f660ef49000-7f660f148000 ---p 00025000 08:06 2107106                    /usr/lib/x86_64-linux-gnu/libnssutil3.so
7f660f148000-7f660f14e000 r--p 00024000 08:06 2107106                    /usr/lib/x86_64-linux-gnu/libnssutil3.so
7f660f14e000-7f660f14f000 rw-p 0002a000 08:06 2107106                    /usr/lib/x86_64-linux-gnu/libnssutil3.so
7f660f14f000-7f660f282000 r-xp 00000000 08:06 2107107                    /usr/lib/x86_64-linux-gnu/libnss3.so
7f660f282000-7f660f481000 ---p 00133000 08:06 2107107                    /usr/lib/x86_64-linux-gnu/libnss3.so
7f660f481000-7f660f486000 r--p 00132000 08:06 2107107                    /usr/lib/x86_64-linux-gnu/libnss3.so
7f660f486000-7f660f488000 rw-p 00137000 08:06 2107107                    /usr/lib/x86_64-linux-gnu/libnss3.so
7f660f488000-7f660f489000 rw-p 00000000 00:00 0 
7f660f489000-7f660f48a000 r--s 00005000 08:06 4987554                    /root/.gradle/caches/modules-2/files-2.1/com.android.tools/dvlib/24.0.0/ae24752eb30a9154f5a3d822b64d28d709b9c30b/dvlib-24.0.0.jar
7f660f48a000-7f660f48b000 r--s 0000a000 08:06 4987550                    /root/.gradle/caches/modules-2/files-2.1/net.sf.kxml/kxml2/2.3.0/ccbc77a5fd907ef863c29f3596c6f54ffa4e9442/kxml2-2.3.0.jar
7f660f48b000-7f660f490000 r--s 0008c000 08:06 4987546                    /root/.gradle/caches/modules-2/files-2.1/com.android.tools.lint/lint-checks/24.0.0/9cb8d9c675a7716ac6f4d20df0ef0aba0e4519f5/lint-checks-24.0.0.jar
7f660f490000-7f660f492000 r--s 00003000 08:06 4987543                    /root/.gradle/caches/modules-2/files-2.1/com.android.tools.build/builder-model/1.0.0/2a3969a9082b47a4855395de918682eee946285a/builder-model-1.0.0.jar
7f660f492000-7f660f495000 r--s 00029000 08:06 4987542                    /root/.gradle/caches/modules-2/files-2.1/com.android.tools.build/manifest-merger/24.0.0/d0193672ed299817e4be2ba1caeeda4924b0e447/manifest-merger-24.0.0.jar
7f660f495000-7f660f49a000 r--s 00042000 08:06 4987541                    /root/.gradle/caches/modules-2/files-2.1/com.android.tools.ddms/ddmlib/24.0.0/25b4cd0c917c47ce599008f4431ecffa0a57b51a/ddmlib-24.0.0.jar
7f660f49a000-7f660f49b000 r--s 00000000 08:06 4987171                    /root/.gradle/caches/modules-2/files-2.1/com.android.tools.build/builder-test-api/1.0.0/2d6ea74b74f8d928e468ff623825d22a5d8a1649/builder-test-api-1.0.0.jar
7f660f49b000-7f660f49d000 r--s 00014000 08:06 4987170                    /root/.gradle/caches/modules-2/files-2.1/com.android.tools/common/24.0.0/271771234c82097345fb73c9571c403e22f62faf/common-24.0.0.jar
7f660f49d000-7f660f49f000 r--s 00002000 08:06 4987169                    /root/.gradle/caches/modules-2/files-2.1/com.squareup/javawriter/2.5.0/81241ff7078ef14f42ea2a8995fa09c096256e6b/javawriter-2.5.0.jar
7f660f49f000-7f660f4a4000 r--s 00047000 08:06 4987167                    /root/.gradle/caches/modules-2/files-2.1/com.android.tools/sdk-common/24.0.0/ebb1e063b8c370a88a38bf46036dce3892fe6c01/sdk-common-24.0.0.jar
7f660f4a4000-7f660f4a5000 r--s 00002000 08:06 4987166                    /root/.gradle/caches/modules-2/files-2.1/net.sf.proguard/proguard-gradle/5.1/672d43cbfde4765080e5bea19c51a2cc45dfc00/proguard-gradle-5.1.jar
7f660f4a5000-7f660f4a7000 r--s 00018000 08:06 4987165                    /root/.gradle/caches/modules-2/files-2.1/com.android.tools.lint/lint/24.0.0/e3d6e09a113af66fd2e5dc6e4d2321d7b0d82328/lint-24.0.0.jar
7f660f4a7000-7f660f4ab000 r--s 00031000 08:06 4987164                    /root/.gradle/caches/modules-2/files-2.1/com.android.tools.build/builder/1.0.0/528fdfb8a4d51ae4177e7d913e88767916a84758/builder-1.0.0.jar
7f660f4ab000-7f660f4bb000 r-xp 00000000 08:06 2110262                    /usr/lib/jvm/java-7-openjdk-amd64/jre/lib/amd64/libj2pkcs11.so
7f660f4bb000-7f660f6ba000 ---p 00010000 08:06 2110262                    /usr/lib/jvm/java-7-openjdk-amd64/jre/lib/amd64/libj2pkcs11.so
7f660f6ba000-7f660f6bb000 r--p 0000f000 08:06 2110262                    /usr/lib/jvm/java-7-openjdk-amd64/jre/lib/amd64/libj2pkcs11.so
7f660f6bb000-7f660f6bc000 rw-p 00010000 08:06 2110262                    /usr/lib/jvm/java-7-openjdk-amd64/jre/lib/amd64/libj2pkcs11.so
7f660f6bc000-7f660f6bf000 ---p 00000000 00:00 0 
7f660f6bf000-7f660f7bd000 rw-p 00000000 00:00 0                          [stack:12557]
7f660f7bd000-7f660f7c0000 ---p 00000000 00:00 0 
7f660f7c0000-7f660f7f6000 rw-p 00000000 00:00 0                          [stack:12556]
7f660f7f6000-7f660f7f9000 ---p 00000000 00:00 0 
7f660f7f9000-7f660f8f7000 rw-p 00000000 00:00 0                          [stack:12554]
7f660f8f7000-7f660f8fa000 ---p 00000000 00:00 0 
7f660f8fa000-7f660f9f8000 rw-p 00000000 00:00 0                          [stack:12551]
7f660f9f8000-7f660f9fb000 ---p 00000000 00:00 0 
7f660f9fb000-7f660faf9000 rw-p 00000000 00:00 0                          [stack:12550]
7f660faf9000-7f660fafc000 ---p 00000000 00:00 0 
7f660fafc000-7f660fbfa000 rw-p 00000000 00:00 0                          [stack:12549]
7f660fbfa000-7f660fbfd000 ---p 00000000 00:00 0 
7f660fbfd000-7f660fcfb000 rw-p 00000000 00:00 0                          [stack:12548]
7f660fcfb000-7f660fcfe000 ---p 00000000 00:00 0 
7f660fcfe000-7f660fdfc000 rw-p 00000000 00:00 0                          [stack:12547]
7f660fdfc000-7f660fe00000 r-xp 00000000 08:06 6300270                    /tmp/native-platform8708541001950716097dir/libnative-platform.so
7f660fe00000-7f660ffff000 ---p 00004000 08:06 6300270                    /tmp/native-platform8708541001950716097dir/libnative-platform.so
7f660ffff000-7f6610000000 rw-p 00003000 08:06 6300270                    /tmp/native-platform8708541001950716097dir/libnative-platform.so
7f6610000000-7f6610021000 rw-p 00000000 00:00 0 
7f6610021000-7f6614000000 ---p 00000000 00:00 0 
7f6614000000-7f6614021000 rw-p 00000000 00:00 0 
7f6614021000-7f6618000000 ---p 00000000 00:00 0 
7f6618000000-7f6618021000 rw-p 00000000 00:00 0 
7f6618021000-7f661c000000 ---p 00000000 00:00 0 
7f661c000000-7f661c010000 r--s 00138000 08:06 4987163                    /root/.gradle/caches/modules-2/files-2.1/com.android.tools.build/gradle/1.0.0/79f4ed9b6582ecec4d7b35aecfa45fbc48dadb96/gradle-1.0.0.jar
7f661c010000-7f661c01a000 r--s 000ae000 08:06 2110235                    /usr/lib/jvm/java-7-openjdk-amd64/jre/lib/resources.jar
7f661c01a000-7f661c01d000 r--s 00017000 08:06 2110296                    /usr/lib/jvm/java-7-openjdk-amd64/jre/lib/jce.jar
7f661c01d000-7f661c01e000 r--p 00000000 00:00 0 
7f661c01e000-7f661c089000 r--s 0069e000 08:06 3283296                    /usr/lib/jvm/java-7-openjdk-amd64/lib/tools.jar
7f661c089000-7f661c090000 r--s 00000000 08:06 2499196                    /usr/lib/x86_64-linux-gnu/gconv/gconv-modules.cache
7f661c090000-7f661c095000 r--s 0004d000 08:06 2110293                    /usr/lib/jvm/java-7-openjdk-amd64/jre/lib/jsse.jar
7f661c095000-7f661c096000 r--s 00001000 08:06 4855851                    /root/.gradle/wrapper/dists/gradle-2.2.1-all/2m8005s69iu8v0oiejfej094b/gradle-2.2.1/lib/plugins/gradle-plugin-development-2.2.1.jar
7f661c096000-7f661c098000 r--s 00002000 08:06 4855850                    /root/.gradle/wrapper/dists/gradle-2.2.1-all/2m8005s69iu8v0oiejfej094b/gradle-2.2.1/lib/plugins/gradle-cunit-2.2.1.jar
7f661c098000-7f661c0a3000 r--s 0004d000 08:06 4855847                    /root/.gradle/wrapper/dists/gradle-2.2.1-all/2m8005s69iu8v0oiejfej094b/gradle-2.2.1/lib/plugins/gradle-platform-native-2.2.1.jar
7f661c0a3000-7f661c0b1000 r--s 000bc000 08:06 4855828                    /root/.gradle/wrapper/dists/gradle-2.2.1-all/2m8005s69iu8v0oiejfej094b/gradle-2.2.1/lib/plugins/gradle-ide-2.2.1.jar
7f661c0b1000-7f661c0b3000 r--s 00000000 08:06 4855870                    /root/.gradle/wrapper/dists/gradle-2.2.1-all/2m8005s69iu8v0oiejfej094b/gradle-2.2.1/lib/plugins/plexus-component-annotations-1.5.2.jar
7f661c0b3000-7f661c0b8000 r--s 00036000 08:06 4855849                    /root/.gradle/wrapper/dists/gradle-2.2.1-all/2m8005s69iu8v0oiejfej094b/gradle-2.2.1/lib/plugins/gradle-ide-native-2.2.1.jar
7f661c0b8000-7f661c0bd000 r--s 00013000 08:06 4855848                    /root/.gradle/wrapper/dists/gradle-2.2.1-all/2m8005s69iu8v0oiejfej094b/gradle-2.2.1/lib/plugins/gradle-language-native-2.2.1.jar
7f661c0bd000-7f661c0bf000 r--s 00008000 08:06 4855846                    /root/.gradle/wrapper/dists/gradle-2.2.1-all/2m8005s69iu8v0oiejfej094b/gradle-2.2.1/lib/plugins/gradle-language-groovy-2.2.1.jar
7f661c0bf000-7f661c0c4000 r--s 00022000 08:06 4855845                    /root/.gradle/wrapper/dists/gradle-2.2.1-all/2m8005s69iu8v0oiejfej094b/gradle-2.2.1/lib/plugins/gradle-language-java-2.2.1.jar
7f661c0c4000-7f661c0c7000 r--s 00007000 08:06 4855844                    /root/.gradle/wrapper/dists/gradle-2.2.1-all/2m8005s69iu8v0oiejfej094b/gradle-2.2.1/lib/plugins/gradle-language-jvm-2.2.1.jar
7f661c0c7000-7f661c0ca000 r--s 00009000 08:06 4855843                    /root/.gradle/wrapper/dists/gradle-2.2.1-all/2m8005s69iu8v0oiejfej094b/gradle-2.2.1/lib/plugins/gradle-platform-jvm-2.2.1.jar
7f661c0ca000-7f661c0cf000 r--s 00018000 08:06 4855842                    /root/.gradle/wrapper/dists/gradle-2.2.1-all/2m8005s69iu8v0oiejfej094b/gradle-2.2.1/lib/plugins/gradle-platform-base-2.2.1.jar
7f661c0cf000-7f661c0d4000 r--s 00026000 08:06 4855841                    /root/.gradle/wrapper/dists/gradle-2.2.1-all/2m8005s69iu8v0oiejfej094b/gradle-2.2.1/lib/plugins/gradle-build-init-2.2.1.jar
7f661c0d4000-7f661c0d7000 r--s 0001d000 08:06 4855840                    /root/.gradle/wrapper/dists/gradle-2.2.1-all/2m8005s69iu8v0oiejfej094b/gradle-2.2.1/lib/plugins/gradle-jacoco-2.2.1.jar
7f661c0d7000-7f661c0da000 r--s 0000d000 08:06 4855839                    /root/.gradle/wrapper/dists/gradle-2.2.1-all/2m8005s69iu8v0oiejfej094b/gradle-2.2.1/lib/plugins/gradle-ivy-2.2.1.jar
7f661c0da000-7f661c0dc000 r--s 00002000 08:06 4855838                    /root/.gradle/wrapper/dists/gradle-2.2.1-all/2m8005s69iu8v0oiejfej094b/gradle-2.2.1/lib/plugins/gradle-publish-2.2.1.jar
7f661c0dc000-7f661c0de000 r--s 00005000 08:06 4855876                    /root/.gradle/wrapper/dists/gradle-2.2.1-all/2m8005s69iu8v0oiejfej094b/gradle-2.2.1/lib/plugins/jatl-0.2.2.jar
7f661c0de000-7f661c0e0000 r--s 0000f000 08:06 4855837                    /root/.gradle/wrapper/dists/gradle-2.2.1-all/2m8005s69iu8v0oiejfej094b/gradle-2.2.1/lib/plugins/gradle-reporting-2.2.1.jar
7f661c0e0000-7f661c0e5000 r--s 00034000 08:06 4855836                    /root/.gradle/wrapper/dists/gradle-2.2.1-all/2m8005s69iu8v0oiejfej094b/gradle-2.2.1/lib/plugins/gradle-diagnostics-2.2.1.jar
7f661c0e5000-7f661c0ec000 r--s 00090000 08:06 4855835                    /root/.gradle/wrapper/dists/gradle-2.2.1-all/2m8005s69iu8v0oiejfej094b/gradle-2.2.1/lib/plugins/gradle-build-comparison-2.2.1.jar
7f661c0ec000-7f661c0f3000 r--s 00035000 08:06 4855875                    /root/.gradle/wrapper/dists/gradle-2.2.1-all/2m8005s69iu8v0oiejfej094b/gradle-2.2.1/lib/plugins/simple-4.1.21.jar
7f661c0f3000-7f661c0ff000 r--s 00100000 08:06 4855873                    /root/.gradle/wrapper/dists/gradle-2.2.1-all/2m8005s69iu8v0oiejfej094b/gradle-2.2.1/lib/plugins/rhino-1.7R3.jar
7f661c0ff000-7f661c104000 r--s 0001f000 08:06 4855834                    /root/.gradle/wrapper/dists/gradle-2.2.1-all/2m8005s69iu8v0oiejfej094b/gradle-2.2.1/lib/plugins/gradle-javascript-2.2.1.jar
7f661c104000-7f661c106000 r--s 0000e000 08:06 4855833                    /root/.gradle/wrapper/dists/gradle-2.2.1-all/2m8005s69iu8v0oiejfej094b/gradle-2.2.1/lib/plugins/gradle-ear-2.2.1.jar
7f661c106000-7f661c10a000 r--s 00025000 08:06 4855872                    /root/.gradle/wrapper/dists/gradle-2.2.1-all/2m8005s69iu8v0oiejfej094b/gradle-2.2.1/lib/plugins/bcpg-jdk15-1.46.jar
7f661c10a000-7f661c10d000 r--s 0001d000 08:06 4855832                    /root/.gradle/wrapper/dists/gradle-2.2.1-all/2m8005s69iu8v0oiejfej094b/gradle-2.2.1/lib/plugins/gradle-signing-2.2.1.jar
7f661c10d000-7f661c10e000 r--s 00002000 08:06 4855871                    /root/.gradle/wrapper/dists/gradle-2.2.1-all/2m8005s69iu8v0oiejfej094b/gradle-2.2.1/lib/plugins/sonar-batch-bootstrapper-2.9.jar
7f661c10e000-7f661c111000 r--s 00018000 08:06 4855831                    /root/.gradle/wrapper/dists/gradle-2.2.1-all/2m8005s69iu8v0oiejfej094b/gradle-2.2.1/lib/plugins/gradle-sonar-2.2.1.jar
7f661c111000-7f661c114000 r--s 00017000 08:06 4855830                    /root/.gradle/wrapper/dists/gradle-2.2.1-all/2m8005s69iu8v0oiejfej094b/gradle-2.2.1/lib/plugins/gradle-scala-2.2.1.jar
7f661c114000-7f661c116000 r--s 0000e000 08:06 4855829                    /root/.gradle/wrapper/dists/gradle-2.2.1-all/2m8005s69iu8v0oiejfej094b/gradle-2.2.1/lib/plugins/gradle-announce-2.2.1.jar
7f661c116000-7f661c119000 r--s 0000c000 08:06 4855869                    /root/.gradle/wrapper/dists/gradle-2.2.1-all/2m8005s69iu8v0oiejfej094b/gradle-2.2.1/lib/plugins/pmaven-groovy-0.8-20100325.jar
7f661c119000-7f661c11a000 r--s 00004000 08:06 4855868                    /root/.gradle/wrapper/dists/gradle-2.2.1-all/2m8005s69iu8v0oiejfej094b/gradle-2.2.1/lib/plugins/pmaven-common-0.8-20100325.jar
7f661c11a000-7f661c11e000 r--s 0001e000 08:06 4855827                    /root/.gradle/wrapper/dists/gradle-2.2.1-all/2m8005s69iu8v0oiejfej094b/gradle-2.2.1/lib/plugins/gradle-maven-2.2.1.jar
7f661c11e000-7f661c136000 r--s 0013b000 08:06 4855866                    /root/.gradle/wrapper/dists/gradle-2.2.1-all/2m8005s69iu8v0oiejfej094b/gradle-2.2.1/lib/plugins/bndlib-2.1.0.jar
7f661c136000-7f661c138000 r--s 00004000 08:06 4855826                    /root/.gradle/wrapper/dists/gradle-2.2.1-all/2m8005s69iu8v0oiejfej094b/gradle-2.2.1/lib/plugins/gradle-osgi-2.2.1.jar
7f661c138000-7f661c13d000 r--s 00068000 08:06 4855865                    /root/.gradle/wrapper/dists/gradle-2.2.1-all/2m8005s69iu8v0oiejfej094b/gradle-2.2.1/lib/plugins/antlr-2.7.7.jar
7f661c13d000-7f661c13e000 r--s 00002000 08:06 4855864                    /root/.gradle/wrapper/dists/gradle-2.2.1-all/2m8005s69iu8v0oiejfej094b/gradle-2.2.1/lib/plugins/ant-antlr-1.9.3.jar
7f661c13e000-7f661c140000 r--s 00004000 08:06 4855825                    /root/.gradle/wrapper/dists/gradle-2.2.1-all/2m8005s69iu8v0oiejfej094b/gradle-2.2.1/lib/plugins/gradle-antlr-2.2.1.jar
7f661c140000-7f661c143000 r--s 0001e000 08:06 4855887                    /root/.gradle/wrapper/dists/gradle-2.2.1-all/2m8005s69iu8v0oiejfej094b/gradle-2.2.1/lib/plugins/jsp-api-2.1-6.1.14.jar
7f661c143000-7f661c166000 r--s 00344000 08:06 4855886                    /root/.gradle/wrapper/dists/gradle-2.2.1-all/2m8005s69iu8v0oiejfej094b/gradle-2.2.1/lib/plugins/core-3.1.1.jar
7f661c166000-7f661c167000 r--s 00006000 08:06 4855885                    /root/.gradle/wrapper/dists/gradle-2.2.1-all/2m8005s69iu8v0oiejfej094b/gradle-2.2.1/lib/plugins/jetty-naming-6.1.25.jar
7f661c167000-7f661c168000 r--s 00002000 08:06 4855863                    /root/.gradle/wrapper/dists/gradle-2.2.1-all/2m8005s69iu8v0oiejfej094b/gradle-2.2.1/lib/plugins/geronimo-annotation_1.0_spec-1.0.jar
7f661c168000-7f661c16a000 r--s 00002000 08:06 4855862                    /root/.gradle/wrapper/dists/gradle-2.2.1-all/2m8005s69iu8v0oiejfej094b/gradle-2.2.1/lib/plugins/jetty-annotations-6.1.25.jar
7f661c16a000-7f661c17b000 r--s 000ea000 08:06 4855861                    /root/.gradle/wrapper/dists/gradle-2.2.1-all/2m8005s69iu8v0oiejfej094b/gradle-2.2.1/lib/plugins/jsp-2.1-6.1.14.jar
7f661c17b000-7f661c17d000 r--s 0000d000 08:06 4855860                    /root/.gradle/wrapper/dists/gradle-2.2.1-all/2m8005s69iu8v0oiejfej094b/gradle-2.2.1/lib/plugins/jetty-plus-6.1.25.jar
7f661c17d000-7f661c17f000 r--s 0001f000 08:06 4855859                    /root/.gradle/wrapper/dists/gradle-2.2.1-all/2m8005s69iu8v0oiejfej094b/gradle-2.2.1/lib/plugins/servlet-api-2.5-20081211.jar
7f661c17f000-7f661c183000 r--s 00028000 08:06 4855858                    /root/.gradle/wrapper/dists/gradle-2.2.1-all/2m8005s69iu8v0oiejfej094b/gradle-2.2.1/lib/plugins/jetty-util-6.1.25.jar
7f661c183000-7f661c18a000 r--s 0007d000 08:06 4855857                    /root/.gradle/wrapper/dists/gradle-2.2.1-all/2m8005s69iu8v0oiejfej094b/gradle-2.2.1/lib/plugins/jetty-6.1.25.jar
7f661c18a000-7f661c18c000 r--s 00009000 08:06 4855824                    /root/.gradle/wrapper/dists/gradle-2.2.1-all/2m8005s69iu8v0oiejfej094b/gradle-2.2.1/lib/plugins/gradle-jetty-2.2.1.jar
7f661c18c000-7f661c191000 r--s 00041000 08:06 4855823                    /root/.gradle/wrapper/dists/gradle-2.2.1-all/2m8005s69iu8v0oiejfej094b/gradle-2.2.1/lib/plugins/gradle-code-quality-2.2.1.jar
7f661c191000-7f661c193000 r--s 00009000 08:06 4855895                    /root/.gradle/wrapper/dists/gradle-2.2.1-all/2m8005s69iu8v0oiejfej094b/gradle-2.2.1/lib/plugins/hamcrest-core-1.3.jar
7f661c193000-7f661c199000 r--s 00033000 08:06 4855884                    /root/.gradle/wrapper/dists/gradle-2.2.1-all/2m8005s69iu8v0oiejfej094b/gradle-2.2.1/lib/plugins/snakeyaml-1.6.jar
7f661c199000-7f661c19b000 r--s 00006000 08:06 4855883                    /root/.gradle/wrapper/dists/gradle-2.2.1-all/2m8005s69iu8v0oiejfej094b/gradle-2.2.1/lib/plugins/jcommander-1.12.jar
7f661c19b000-7f661c1a0000 r--s 00040000 08:06 4855882                    /root/.gradle/wrapper/dists/gradle-2.2.1-all/2m8005s69iu8v0oiejfej094b/gradle-2.2.1/lib/plugins/bsh-2.0b4.jar
7f661c1a0000-7f661c1a2000 r--s 00009000 08:06 4855856                    /root/.gradle/wrapper/dists/gradle-2.2.1-all/2m8005s69iu8v0oiejfej094b/gradle-2.2.1/lib/plugins/commons-cli-1.2.jar
7f661c1a2000-7f661c1ab000 r--s 00089000 08:06 4855855                    /root/.gradle/wrapper/dists/gradle-2.2.1-all/2m8005s69iu8v0oiejfej094b/gradle-2.2.1/lib/plugins/testng-6.3.1.jar
7f661c1ab000-7f661c1b1000 r--s 00036000 08:06 4855854                    /root/.gradle/wrapper/dists/gradle-2.2.1-all/2m8005s69iu8v0oiejfej094b/gradle-2.2.1/lib/plugins/junit-4.11.jar
7f661c1b1000-7f661c1bd000 r--s 00075000 08:06 4855822                    /root/.gradle/wrapper/dists/gradle-2.2.1-all/2m8005s69iu8v0oiejfej094b/gradle-2.2.1/lib/plugins/gradle-plugins-2.2.1.jar
7f661c1bd000-7f661c1c0000 r--s 00011000 08:06 4855852                    /root/.gradle/wrapper/dists/gradle-2.2.1-all/2m8005s69iu8v0oiejfej094b/gradle-2.2.1/lib/plugins/gradle-plugin-use-2.2.1.jar
7f661c1c0000-7f661c1d8000 r--s 00115000 08:06 4855893                    /root/.gradle/wrapper/dists/gradle-2.2.1-all/2m8005s69iu8v0oiejfej094b/gradle-2.2.1/lib/plugins/xercesImpl-2.9.1.jar
7f661c1d8000-7f661c1e0000 r--s 00028000 08:06 4855894                    /root/.gradle/wrapper/dists/gradle-2.2.1-all/2m8005s69iu8v0oiejfej094b/gradle-2.2.1/lib/plugins/xml-apis-1.3.04.jar
7f661c1e0000-7f661c1e6000 r--s 0005b000 08:06 4855892                    /root/.gradle/wrapper/dists/gradle-2.2.1-all/2m8005s69iu8v0oiejfej094b/gradle-2.2.1/lib/plugins/jcifs-1.3.17.jar
7f661c1e6000-7f661c1ec000 r--s 00031000 08:06 4855891                    /root/.gradle/wrapper/dists/gradle-2.2.1-all/2m8005s69iu8v0oiejfej094b/gradle-2.2.1/lib/plugins/httpcore-4.2.2.jar
7f661c1ec000-7f661c1f2000 r--s 00033000 08:06 4855890                    /root/.gradle/wrapper/dists/gradle-2.2.1-all/2m8005s69iu8v0oiejfej094b/gradle-2.2.1/lib/plugins/commons-codec-1.6.jar
7f661c1f2000-7f661c1f5000 r--s 0001c000 08:06 4855889                    /root/.gradle/wrapper/dists/gradle-2.2.1-all/2m8005s69iu8v0oiejfej094b/gradle-2.2.1/lib/plugins/nekohtml-1.9.14.jar
7f661c1f5000-7f661c1fe000 r--s 00060000 08:06 4855888                    /root/.gradle/wrapper/dists/gradle-2.2.1-all/2m8005s69iu8v0oiejfej094b/gradle-2.2.1/lib/plugins/httpclient-4.2.2.jar
7f661c1fe000-7f661c200000 r--s 00007000 08:06 4855877                    /root/.gradle/wrapper/dists/gradle-2.2.1-all/2m8005s69iu8v0oiejfej094b/gradle-2.2.1/lib/plugins/gradle-resources-http-2.2.1.jar
7f661c200000-7f661c228000 r--s 00194000 08:06 4855881                    /root/.gradle/wrapper/dists/gradle-2.2.1-all/2m8005s69iu8v0oiejfej094b/gradle-2.2.1/lib/plugins/bcprov-jdk15-1.46.jar
7f661c228000-7f661c22c000 r--s 0001d000 08:06 4855880                    /root/.gradle/wrapper/dists/gradle-2.2.1-all/2m8005s69iu8v0oiejfej094b/gradle-2.2.1/lib/plugins/xbean-reflect-3.4.jar
7f661c22c000-7f661c231000 r--s 0002a000 08:06 4855874                    /root/.gradle/wrapper/dists/gradle-2.2.1-all/2m8005s69iu8v0oiejfej094b/gradle-2.2.1/lib/plugins/gson-2.2.4.jar
7f661c231000-7f661c235000 r--s 0003d000 08:06 4855879                    /root/.gradle/wrapper/dists/gradle-2.2.1-all/2m8005s69iu8v0oiejfej094b/gradle-2.2.1/lib/plugins/jsch-0.1.51.jar
7f661c235000-7f661c24e000 r--s 00129000 08:06 4855867                    /root/.gradle/wrapper/dists/gradle-2.2.1-all/2m8005s69iu8v0oiejfej094b/gradle-2.2.1/lib/plugins/maven-ant-tasks-2.1.3.jar
7f661c24e000-7f661c25d000 r--s 000d9000 08:06 4855878                    /root/.gradle/wrapper/dists/gradle-2.2.1-all/2m8005s69iu8v0oiejfej094b/gradle-2.2.1/lib/plugins/ivy-2.2.0.jar
7f661c25d000-7f661c261000 r--s 0001e000 08:06 4855821                    /root/.gradle/wrapper/dists/gradle-2.2.1-all/2m8005s69iu8v0oiejfej094b/gradle-2.2.1/lib/plugins/jarjar-aether-impl-1.13.1.jar
7f661c261000-7f661c264000 r--s 00027000 08:06 4855820                    /root/.gradle/wrapper/dists/gradle-2.2.1-all/2m8005s69iu8v0oiejfej094b/gradle-2.2.1/lib/plugins/jarjar-maven-model-3.0.4.jar
7f661c264000-7f661c267000 r--s 0000b000 08:06 4855819                    /root/.gradle/wrapper/dists/gradle-2.2.1-all/2m8005s69iu8v0oiejfej094b/gradle-2.2.1/lib/plugins/jarjar-maven-artifact-3.0.4.jar
7f661c267000-7f661c26b000 r--s 0001e000 08:06 4855818                    /root/.gradle/wrapper/dists/gradle-2.2.1-all/2m8005s69iu8v0oiejfej094b/gradle-2.2.1/lib/plugins/jarjar-aether-util-1.13.1.jar
7f661c26b000-7f661c26d000 r--s 00007000 08:06 4855817                    /root/.gradle/wrapper/dists/gradle-2.2.1-all/2m8005s69iu8v0oiejfej094b/gradle-2.2.1/lib/plugins/jarjar-wagon-http-shared4-2.4.jar
7f661c26d000-7f661c27a000 r--s 00083000 08:06 4855816                    /root/.gradle/wrapper/dists/gradle-2.2.1-all/2m8005s69iu8v0oiejfej094b/gradle-2.2.1/lib/plugins/jarjar-maven-core-3.0.4.jar
7f661c27a000-7f661c27c000 r--s 00003000 08:06 4855815                    /root/.gradle/wrapper/dists/gradle-2.2.1-all/2m8005s69iu8v0oiejfej094b/gradle-2.2.1/lib/plugins/jarjar-aether-spi-1.13.1.jar
7f661c27c000-7f661c27e000 r--s 00009000 08:06 4855814                    /root/.gradle/wrapper/dists/gradle-2.2.1-all/2m8005s69iu8v0oiejfej094b/gradle-2.2.1/lib/plugins/jarjar-maven-settings-builder-3.0.4.jar
7f661c27e000-7f661c282000 r--s 00014000 08:06 4855813                    /root/.gradle/wrapper/dists/gradle-2.2.1-all/2m8005s69iu8v0oiejfej094b/gradle-2.2.1/lib/plugins/jarjar-aether-api-1.13.1.jar
7f661c282000-7f661c283000 r--s 00002000 08:06 4855812                    /root/.gradle/wrapper/dists/gradle-2.2.1-all/2m8005s69iu8v0oiejfej094b/gradle-2.2.1/lib/plugins/jarjar-wagon-http-2.4.jar
7f661c283000-7f661c28a000 r--s 00042000 08:06 4855811                    /root/.gradle/wrapper/dists/gradle-2.2.1-all/2m8005s69iu8v0oiejfej094b/gradle-2.2.1/lib/plugins/jarjar-maven-compat-3.0.4.jar
7f661c28a000-7f661c28c000 r--s 00006000 08:06 4855810                    /root/.gradle/wrapper/dists/gradle-2.2.1-all/2m8005s69iu8v0oiejfej094b/gradle-2.2.1/lib/plugins/jarjar-aether-connector-wagon-1.13.1.jar
7f661c28c000-7f661c28e000 r--s 00000000 08:06 4855809                    /root/.gradle/wrapper/dists/gradle-2.2.1-all/2m8005s69iu8v0oiejfej094b/gradle-2.2.1/lib/plugins/jarjar-plexus-component-annotations-1.5.5.jar
7f661c28e000-7f661c290000 r--s 00006000 08:06 4855808                    /root/.gradle/wrapper/dists/gradle-2.2.1-all/2m8005s69iu8v0oiejfej094b/gradle-2.2.1/lib/plugins/jarjar-plexus-sec-dispatcher-1.3.jar
7f661c290000-7f661c295000 r--s 00022000 08:06 4855807                    /root/.gradle/wrapper/dists/gradle-2.2.1-all/2m8005s69iu8v0oiejfej094b/gradle-2.2.1/lib/plugins/jarjar-maven-model-builder-3.0.4.jar
7f661c295000-7f661c297000 r--s 0000b000 08:06 4855806                    /root/.gradle/wrapper/dists/gradle-2.2.1-all/2m8005s69iu8v0oiejfej094b/gradle-2.2.1/lib/plugins/jarjar-maven-plugin-api-3.0.4.jar
7f661c297000-7f661c29a000 r--s 0000a000 08:06 4855805                    /root/.gradle/wrapper/dists/gradle-2.2.1-all/2m8005s69iu8v0oiejfej094b/gradle-2.2.1/lib/plugins/jarjar-plexus-classworlds-2.4.jar
7f661c29a000-7f661c29e000 r--s 00035000 08:06 4855804                    /root/.gradle/wrapper/dists/gradle-2.2.1-all/2m8005s69iu8v0oiejfej094b/gradle-2.2.1/lib/plugins/jarjar-plexus-utils-2.0.6.jar
7f661c29e000-7f661c2a0000 r--s 0000e000 08:06 4855803                    /root/.gradle/wrapper/dists/gradle-2.2.1-all/2m8005s69iu8v0oiejfej094b/gradle-2.2.1/lib/plugins/jarjar-plexus-interpolation-1.14.jar
7f661c2a0000-7f661c2a2000 r--s 00002000 08:06 4855802                    /root/.gradle/wrapper/dists/gradle-2.2.1-all/2m8005s69iu8v0oiejfej094b/gradle-2.2.1/lib/plugins/jarjar-plexus-cipher-1.7.jar
7f661c2a2000-7f661c2a4000 r--s 0000c000 08:06 4855801                    /root/.gradle/wrapper/dists/gradle-2.2.1-all/2m8005s69iu8v0oiejfej094b/gradle-2.2.1/lib/plugins/jarjar-wagon-provider-api-2.4.jar
7f661c2a4000-7f661c2a6000 r--s 0000d000 08:06 4855800                    /root/.gradle/wrapper/dists/gradle-2.2.1-all/2m8005s69iu8v0oiejfej094b/gradle-2.2.1/lib/plugins/jarjar-maven-aether-provider-3.0.4.jar
7f661c2a6000-7f661c2b6000 r-xp 00000000 08:06 2110258                    /usr/lib/jvm/java-7-openjdk-amd64/jre/lib/amd64/libnio.so
7f661c2b6000-7f661c4b6000 ---p 00010000 08:06 2110258                    /usr/lib/jvm/java-7-openjdk-amd64/jre/lib/amd64/libnio.so
7f661c4b6000-7f661c4b7000 r--p 00010000 08:06 2110258                    /usr/lib/jvm/java-7-openjdk-amd64/jre/lib/amd64/libnio.so
7f661c4b7000-7f661c4b8000 rw-p 00011000 08:06 2110258                    /usr/lib/jvm/java-7-openjdk-amd64/jre/lib/amd64/libnio.so
7f661c4b8000-7f661c4e9000 rw-p 00000000 00:00 0 
7f661c4e9000-7f661c526000 r-xp 00000000 08:06 13635573                   /lib/x86_64-linux-gnu/libpcre.so.3.13.1
7f661c526000-7f661c725000 ---p 0003d000 08:06 13635573                   /lib/x86_64-linux-gnu/libpcre.so.3.13.1
7f661c725000-7f661c726000 r--p 0003c000 08:06 13635573                   /lib/x86_64-linux-gnu/libpcre.so.3.13.1
7f661c726000-7f661c727000 rw-p 0003d000 08:06 13635573                   /lib/x86_64-linux-gnu/libpcre.so.3.13.1
7f661c727000-7f661c72e000 r-xp 00000000 08:06 2105255                    /usr/lib/x86_64-linux-gnu/libffi.so.6.0.1
7f661c72e000-7f661c92d000 ---p 00007000 08:06 2105255                    /usr/lib/x86_64-linux-gnu/libffi.so.6.0.1
7f661c92d000-7f661c92e000 r--p 00006000 08:06 2105255                    /usr/lib/x86_64-linux-gnu/libffi.so.6.0.1
7f661c92e000-7f661c92f000 rw-p 00007000 08:06 2105255                    /usr/lib/x86_64-linux-gnu/libffi.so.6.0.1
7f661c92f000-7f661c946000 r-xp 00000000 08:06 13631657                   /lib/x86_64-linux-gnu/libresolv-2.19.so
7f661c946000-7f661cb46000 ---p 00017000 08:06 13631657                   /lib/x86_64-linux-gnu/libresolv-2.19.so
7f661cb46000-7f661cb47000 r--p 00017000 08:06 13631657                   /lib/x86_64-linux-gnu/libresolv-2.19.so
7f661cb47000-7f661cb48000 rw-p 00018000 08:06 13631657                   /lib/x86_64-linux-gnu/libresolv-2.19.so
7f661cb48000-7f661cb4a000 rw-p 00000000 00:00 0 
7f661cb4a000-7f661cb6a000 r-xp 00000000 08:06 13635600                   /lib/x86_64-linux-gnu/libselinux.so.1
7f661cb6a000-7f661cd69000 ---p 00020000 08:06 13635600                   /lib/x86_64-linux-gnu/libselinux.so.1
7f661cd69000-7f661cd6a000 r--p 0001f000 08:06 13635600                   /lib/x86_64-linux-gnu/libselinux.so.1
7f661cd6a000-7f661cd6b000 rw-p 00020000 08:06 13635600                   /lib/x86_64-linux-gnu/libselinux.so.1
7f661cd6b000-7f661cd6d000 rw-p 00000000 00:00 0 
7f661cd6d000-7f661cd70000 r-xp 00000000 08:06 2097516                    /usr/lib/x86_64-linux-gnu/libgmodule-2.0.so.0.4002.0
7f661cd70000-7f661cf6f000 ---p 00003000 08:06 2097516                    /usr/lib/x86_64-linux-gnu/libgmodule-2.0.so.0.4002.0
7f661cf6f000-7f661cf70000 r--p 00002000 08:06 2097516                    /usr/lib/x86_64-linux-gnu/libgmodule-2.0.so.0.4002.0
7f661cf70000-7f661cf71000 rw-p 00003000 08:06 2097516                    /usr/lib/x86_64-linux-gnu/libgmodule-2.0.so.0.4002.0
7f661cf71000-7f661d077000 r-xp 00000000 08:06 13635415                   /lib/x86_64-linux-gnu/libglib-2.0.so.0.4002.0
7f661d077000-7f661d276000 ---p 00106000 08:06 13635415                   /lib/x86_64-linux-gnu/libglib-2.0.so.0.4002.0
7f661d276000-7f661d277000 r--p 00105000 08:06 13635415                   /lib/x86_64-linux-gnu/libglib-2.0.so.0.4002.0
7f661d277000-7f661d278000 rw-p 00106000 08:06 13635415                   /lib/x86_64-linux-gnu/libglib-2.0.so.0.4002.0
7f661d278000-7f661d279000 rw-p 00000000 00:00 0 
7f661d279000-7f661d2c8000 r-xp 00000000 08:06 2097534                    /usr/lib/x86_64-linux-gnu/libgobject-2.0.so.0.4002.0
7f661d2c8000-7f661d4c8000 ---p 0004f000 08:06 2097534                    /usr/lib/x86_64-linux-gnu/libgobject-2.0.so.0.4002.0
7f661d4c8000-7f661d4c9000 r--p 0004f000 08:06 2097534                    /usr/lib/x86_64-linux-gnu/libgobject-2.0.so.0.4002.0
7f661d4c9000-7f661d4ca000 rw-p 00050000 08:06 2097534                    /usr/lib/x86_64-linux-gnu/libgobject-2.0.so.0.4002.0
7f661d4ca000-7f661d636000 r-xp 00000000 08:06 2097538                    /usr/lib/x86_64-linux-gnu/libgio-2.0.so.0.4002.0
7f661d636000-7f661d835000 ---p 0016c000 08:06 2097538                    /usr/lib/x86_64-linux-gnu/libgio-2.0.so.0.4002.0
7f661d835000-7f661d839000 r--p 0016b000 08:06 2097538                    /usr/lib/x86_64-linux-gnu/libgio-2.0.so.0.4002.0
7f661d839000-7f661d83b000 rw-p 0016f000 08:06 2097538                    /usr/lib/x86_64-linux-gnu/libgio-2.0.so.0.4002.0
7f661d83b000-7f661d83d000 rw-p 00000000 00:00 0 
7f661d83d000-7f661d845000 r--s 00031000 08:06 4855799                    /root/.gradle/wrapper/dists/gradle-2.2.1-all/2m8005s69iu8v0oiejfej094b/gradle-2.2.1/lib/plugins/jarjar-plexus-container-default-1.5.5.jar
7f661d845000-7f661d846000 r--s 00007000 08:06 4855798                    /root/.gradle/wrapper/dists/gradle-2.2.1-all/2m8005s69iu8v0oiejfej094b/gradle-2.2.1/lib/plugins/jarjar-maven-repository-metadata-3.0.4.jar
7f661d846000-7f661d847000 r--s 0000b000 08:06 4855797                    /root/.gradle/wrapper/dists/gradle-2.2.1-all/2m8005s69iu8v0oiejfej094b/gradle-2.2.1/lib/plugins/jarjar-maven-settings-3.0.4.jar
7f661d847000-7f661d85f000 r--s 000b5000 08:06 4855853                    /root/.gradle/wrapper/dists/gradle-2.2.1-all/2m8005s69iu8v0oiejfej094b/gradle-2.2.1/lib/plugins/gradle-dependency-management-2.2.1.jar
7f661d85f000-7f661d876000 r-xp 00000000 08:06 2110271                    /usr/lib/jvm/java-7-openjdk-amd64/jre/lib/amd64/libnet.so
7f661d876000-7f661da75000 ---p 00017000 08:06 2110271                    /usr/lib/jvm/java-7-openjdk-amd64/jre/lib/amd64/libnet.so
7f661da75000-7f661da76000 r--p 00016000 08:06 2110271                    /usr/lib/jvm/java-7-openjdk-amd64/jre/lib/amd64/libnet.so
7f661da76000-7f661da77000 rw-p 00017000 08:06 2110271                    /usr/lib/jvm/java-7-openjdk-amd64/jre/lib/amd64/libnet.so
7f661da77000-7f661da80000 r--s 0002c000 08:06 4725323                    /root/.gradle/wrapper/dists/gradle-2.2.1-all/2m8005s69iu8v0oiejfej094b/gradle-2.2.1/lib/gradle-tooling-api-2.2.1.jar
7f661da80000-7f661da82000 r--s 00002000 08:06 4725347                    /root/.gradle/wrapper/dists/gradle-2.2.1-all/2m8005s69iu8v0oiejfej094b/gradle-2.2.1/lib/gradle-open-api-2.2.1.jar
7f661da82000-7f661da88000 r--s 00032000 08:06 4725349                    /root/.gradle/wrapper/dists/gradle-2.2.1-all/2m8005s69iu8v0oiejfej094b/gradle-2.2.1/lib/jaxen-1.1.jar
7f661da88000-7f661da8d000 r--s 00048000 08:06 4725348                    /root/.gradle/wrapper/dists/gradle-2.2.1-all/2m8005s69iu8v0oiejfej094b/gradle-2.2.1/lib/dom4j-1.6.1.jar
7f661da8d000-7f661da98000 r--s 00059000 08:06 4725322                    /root/.gradle/wrapper/dists/gradle-2.2.1-all/2m8005s69iu8v0oiejfej094b/gradle-2.2.1/lib/gradle-ui-2.2.1.jar
7f661da98000-7f661da9a000 r--s 00006000 08:06 4725343                    /root/.gradle/wrapper/dists/gradle-2.2.1-all/2m8005s69iu8v0oiejfej094b/gradle-2.2.1/lib/gradle-resources-2.2.1.jar
7f661da9a000-7f661da9c000 r--s 00007000 08:06 4725365                    /root/.gradle/wrapper/dists/gradle-2.2.1-all/2m8005s69iu8v0oiejfej094b/gradle-2.2.1/lib/objenesis-1.2.jar
7f661da9c000-7f661da9e000 r--s 00000000 08:06 4725364                    /root/.gradle/wrapper/dists/gradle-2.2.1-all/2m8005s69iu8v0oiejfej094b/gradle-2.2.1/lib/minlog-1.2.jar
7f661da9e000-7f661daa0000 r--s 0000f000 08:06 4725363                    /root/.gradle/wrapper/dists/gradle-2.2.1-all/2m8005s69iu8v0oiejfej094b/gradle-2.2.1/lib/reflectasm-1.07-shaded.jar
7f661daa0000-7f661daa4000 r--s 00026000 08:06 4725354                    /root/.gradle/wrapper/dists/gradle-2.2.1-all/2m8005s69iu8v0oiejfej094b/gradle-2.2.1/lib/kryo-2.20.jar
7f661daa4000-7f661daad000 r--s 00039000 08:06 4725342                    /root/.gradle/wrapper/dists/gradle-2.2.1-all/2m8005s69iu8v0oiejfej094b/gradle-2.2.1/lib/gradle-messaging-2.2.1.jar
7f661daad000-7f661db18000 r--s 00685000 08:06 4725327                    /root/.gradle/wrapper/dists/gradle-2.2.1-all/2m8005s69iu8v0oiejfej094b/gradle-2.2.1/lib/groovy-all-2.3.6.jar
7f661db18000-7f661db19000 ---p 00000000 00:00 0 
7f661db19000-7f661dc19000 rw-p 00000000 00:00 0                          [stack:12546]
7f661dc19000-7f661dc1c000 ---p 00000000 00:00 0 
7f661dc1c000-7f661dd1a000 rw-p 00000000 00:00 0                          [stack:12545]
7f661dd1a000-7f661dd1d000 ---p 00000000 00:00 0 
7f661dd1d000-7f661de1b000 rw-p 00000000 00:00 0                          [stack:12544]
7f661de1b000-7f661de1e000 ---p 00000000 00:00 0 
7f661de1e000-7f661df1c000 rw-p 00000000 00:00 0                          [stack:12543]
7f661df1c000-7f661df1f000 ---p 00000000 00:00 0 
7f661df1f000-7f661e01d000 rw-p 00000000 00:00 0                          [stack:12542]
7f661e01d000-7f661e6ff000 r--p 00000000 08:06 2103977                    /usr/lib/locale/locale-archive
7f661e6ff000-7f661e702000 ---p 00000000 00:00 0 
7f661e702000-7f6621000000 rw-p 00000000 00:00 0                          [stack:12541]
7f6621000000-7f6621350000 rwxp 00000000 00:00 0 
7f6621350000-7f66249f2000 rw-p 00000000 00:00 0 
7f66249f2000-7f6628000000 ---p 00000000 00:00 0 
7f6628000000-7f6628001000 r--s 00005000 08:06 4725318                    /root/.gradle/wrapper/dists/gradle-2.2.1-all/2m8005s69iu8v0oiejfej094b/gradle-2.2.1/lib/gradle-wrapper-2.2.1.jar
7f6628001000-7f6628002000 r--s 00003000 08:06 4725362                    /root/.gradle/wrapper/dists/gradle-2.2.1-all/2m8005s69iu8v0oiejfej094b/gradle-2.2.1/lib/native-platform-freebsd-amd64-0.10.jar
7f6628002000-7f6628003000 r--s 00003000 08:06 4725361                    /root/.gradle/wrapper/dists/gradle-2.2.1-all/2m8005s69iu8v0oiejfej094b/gradle-2.2.1/lib/native-platform-freebsd-i386-0.10.jar
7f6628003000-7f6628004000 r--s 00005000 08:06 4725360                    /root/.gradle/wrapper/dists/gradle-2.2.1-all/2m8005s69iu8v0oiejfej094b/gradle-2.2.1/lib/native-platform-windows-i386-0.10.jar
7f6628004000-7f6628005000 r--s 00005000 08:06 4725359                    /root/.gradle/wrapper/dists/gradle-2.2.1-all/2m8005s69iu8v0oiejfej094b/gradle-2.2.1/lib/native-platform-windows-amd64-0.10.jar
7f6628005000-7f6628006000 r--s 00003000 08:06 4725358                    /root/.gradle/wrapper/dists/gradle-2.2.1-all/2m8005s69iu8v0oiejfej094b/gradle-2.2.1/lib/native-platform-linux-i386-0.10.jar
7f6628006000-7f6628007000 r--s 00003000 08:06 4725357                    /root/.gradle/wrapper/dists/gradle-2.2.1-all/2m8005s69iu8v0oiejfej094b/gradle-2.2.1/lib/native-platform-linux-amd64-0.10.jar
7f6628007000-7f6628008000 r--s 00002000 08:06 4725356                    /root/.gradle/wrapper/dists/gradle-2.2.1-all/2m8005s69iu8v0oiejfej094b/gradle-2.2.1/lib/native-platform-osx-amd64-0.10.jar
7f6628008000-7f6628009000 r--s 00002000 08:06 4725355                    /root/.gradle/wrapper/dists/gradle-2.2.1-all/2m8005s69iu8v0oiejfej094b/gradle-2.2.1/lib/native-platform-osx-i386-0.10.jar
7f6628009000-7f662800b000 r--s 00008000 08:06 4725352                    /root/.gradle/wrapper/dists/gradle-2.2.1-all/2m8005s69iu8v0oiejfej094b/gradle-2.2.1/lib/jansi-1.2.1.jar
7f662800b000-7f662800e000 r--s 0000d000 08:06 4725351                    /root/.gradle/wrapper/dists/gradle-2.2.1-all/2m8005s69iu8v0oiejfej094b/gradle-2.2.1/lib/native-platform-0.10.jar
7f662800e000-7f6628012000 r--s 000e4000 08:06 4725350                    /root/.gradle/wrapper/dists/gradle-2.2.1-all/2m8005s69iu8v0oiejfej094b/gradle-2.2.1/lib/jna-3.2.7.jar
7f6628012000-7f6628014000 r--s 00008000 08:06 4725324                    /root/.gradle/wrapper/dists/gradle-2.2.1-all/2m8005s69iu8v0oiejfej094b/gradle-2.2.1/lib/gradle-native-2.2.1.jar
7f6628014000-7f6628016000 r--s 00005000 08:06 4725321                    /root/.gradle/wrapper/dists/gradle-2.2.1-all/2m8005s69iu8v0oiejfej094b/gradle-2.2.1/lib/gradle-cli-2.2.1.jar
7f6628016000-7f6628018000 r--s 00003000 08:06 4725341                    /root/.gradle/wrapper/dists/gradle-2.2.1-all/2m8005s69iu8v0oiejfej094b/gradle-2.2.1/lib/gradle-base-services-groovy-2.2.1.jar
7f6628018000-7f662801a000 r--s 0000a000 08:06 4725329                    /root/.gradle/wrapper/dists/gradle-2.2.1-all/2m8005s69iu8v0oiejfej094b/gradle-2.2.1/lib/gradle-model-groovy-2.2.1.jar
7f662801a000-7f662801e000 r--s 0001b000 08:06 4725328                    /root/.gradle/wrapper/dists/gradle-2.2.1-all/2m8005s69iu8v0oiejfej094b/gradle-2.2.1/lib/gradle-model-core-2.2.1.jar
7f662801e000-7f662801f000 r--s 00000000 08:06 4725344                    /root/.gradle/wrapper/dists/gradle-2.2.1-all/2m8005s69iu8v0oiejfej094b/gradle-2.2.1/lib/gradle-docs-2.2.1.jar
7f662801f000-7f6628021000 r--s 00003000 08:06 4725346                    /root/.gradle/wrapper/dists/gradle-2.2.1-all/2m8005s69iu8v0oiejfej094b/gradle-2.2.1/lib/jcl-over-slf4j-1.7.7.jar
7f6628021000-7f6628022000 r--s 00005000 08:06 4725345                    /root/.gradle/wrapper/dists/gradle-2.2.1-all/2m8005s69iu8v0oiejfej094b/gradle-2.2.1/lib/log4j-over-slf4j-1.7.7.jar
7f6628022000-7f6628025000 r--s 0001b000 08:06 4725339                    /root/.gradle/wrapper/dists/gradle-2.2.1-all/2m8005s69iu8v0oiejfej094b/gradle-2.2.1/lib/jarjar-1.3.jar
7f6628025000-7f662802b000 r--s 0003b000 08:06 4725336                    /root/.gradle/wrapper/dists/gradle-2.2.1-all/2m8005s69iu8v0oiejfej094b/gradle-2.2.1/lib/logback-classic-1.0.13.jar
7f662802b000-7f6628035000 r--s 0005d000 08:06 4725335                    /root/.gradle/wrapper/dists/gradle-2.2.1-all/2m8005s69iu8v0oiejfej094b/gradle-2.2.1/lib/logback-core-1.0.13.jar
7f6628035000-7f662803a000 r--s 00041000 08:06 4725334                    /root/.gradle/wrapper/dists/gradle-2.2.1-all/2m8005s69iu8v0oiejfej094b/gradle-2.2.1/lib/commons-lang-2.6.jar
7f662803a000-7f662803d000 r--s 00018000 08:06 4725333                    /root/.gradle/wrapper/dists/gradle-2.2.1-all/2m8005s69iu8v0oiejfej094b/gradle-2.2.1/lib/commons-io-1.4.jar
7f662803d000-7f662804b000 r--s 0007f000 08:06 4725332                    /root/.gradle/wrapper/dists/gradle-2.2.1-all/2m8005s69iu8v0oiejfej094b/gradle-2.2.1/lib/commons-collections-3.2.1.jar
7f662804b000-7f6628073000 r--s 001cf000 08:06 4725326                    /root/.gradle/wrapper/dists/gradle-2.2.1-all/2m8005s69iu8v0oiejfej094b/gradle-2.2.1/lib/guava-jdk5-17.0.jar
7f6628073000-7f6628092000 r--s 001cc000 08:06 4725331                    /root/.gradle/wrapper/dists/gradle-2.2.1-all/2m8005s69iu8v0oiejfej094b/gradle-2.2.1/lib/ant-1.9.3.jar
7f6628092000-7f66280c3000 r--s 00191000 08:06 4725320                    /root/.gradle/wrapper/dists/gradle-2.2.1-all/2m8005s69iu8v0oiejfej094b/gradle-2.2.1/lib/gradle-core-2.2.1.jar
7f66280c3000-7f66280c6000 ---p 00000000 00:00 0 
7f66280c6000-7f66281c4000 rw-p 00000000 00:00 0                          [stack:12540]
7f66281c4000-7f66281c5000 ---p 00000000 00:00 0 
7f66281c5000-7f66292c2000 rw-p 00000000 00:00 0                          [stack:12539]
7f66292c2000-7f6629473000 r--s 01d27000 08:06 2110277                    /usr/lib/jvm/java-7-openjdk-amd64/jre/lib/rt.jar
7f6629473000-7f6629805000 rw-p 00000000 00:00 0 
7f6629805000-7f6629806000 ---p 00000000 00:00 0 
7f6629806000-7f6629906000 rw-p 00000000 00:00 0                          [stack:12538]
7f6629906000-7f6629907000 ---p 00000000 00:00 0 
7f6629907000-7f6629a07000 rw-p 00000000 00:00 0                          [stack:12537]
7f6629a07000-7f6629a08000 ---p 00000000 00:00 0 
7f6629a08000-7f6629b08000 rw-p 00000000 00:00 0                          [stack:12536]
7f6629b08000-7f6629b09000 ---p 00000000 00:00 0 
7f6629b09000-7f6629c1b000 rw-p 00000000 00:00 0                          [stack:12535]
7f6629c1b000-7f6629c89000 rw-p 00000000 00:00 0 
7f6629c89000-7f6629c9d000 rw-p 00000000 00:00 0 
7f6629c9d000-7f6629ddf000 rw-p 00000000 00:00 0 
7f6629ddf000-7f6629df1000 rw-p 00000000 00:00 0 
7f6629df1000-7f6629e5f000 rw-p 00000000 00:00 0 
7f6629e5f000-7f6629e73000 rw-p 00000000 00:00 0 
7f6629e73000-7f6629fb4000 rw-p 00000000 00:00 0 
7f6629fb4000-7f6629ffd000 rw-p 00000000 00:00 0 
7f6629ffd000-7f662a05f000 rw-p 00000000 00:00 0 
7f662a05f000-7f662a060000 rw-p 00000000 00:00 0 
7f662a060000-7f662a068000 r-xp 00000000 08:06 2110254                    /usr/lib/jvm/java-7-openjdk-amd64/jre/lib/amd64/libzip.so
7f662a068000-7f662a267000 ---p 00008000 08:06 2110254                    /usr/lib/jvm/java-7-openjdk-amd64/jre/lib/amd64/libzip.so
7f662a267000-7f662a268000 r--p 00007000 08:06 2110254                    /usr/lib/jvm/java-7-openjdk-amd64/jre/lib/amd64/libzip.so
7f662a268000-7f662a269000 rw-p 00008000 08:06 2110254                    /usr/lib/jvm/java-7-openjdk-amd64/jre/lib/amd64/libzip.so
7f662a269000-7f662a274000 r-xp 00000000 08:06 13631659                   /lib/x86_64-linux-gnu/libnss_files-2.19.so
7f662a274000-7f662a473000 ---p 0000b000 08:06 13631659                   /lib/x86_64-linux-gnu/libnss_files-2.19.so
7f662a473000-7f662a474000 r--p 0000a000 08:06 13631659                   /lib/x86_64-linux-gnu/libnss_files-2.19.so
7f662a474000-7f662a475000 rw-p 0000b000 08:06 13631659                   /lib/x86_64-linux-gnu/libnss_files-2.19.so
7f662a475000-7f662a480000 r-xp 00000000 08:06 13631679                   /lib/x86_64-linux-gnu/libnss_nis-2.19.so
7f662a480000-7f662a67f000 ---p 0000b000 08:06 13631679                   /lib/x86_64-linux-gnu/libnss_nis-2.19.so
7f662a67f000-7f662a680000 r--p 0000a000 08:06 13631679                   /lib/x86_64-linux-gnu/libnss_nis-2.19.so
7f662a680000-7f662a681000 rw-p 0000b000 08:06 13631679                   /lib/x86_64-linux-gnu/libnss_nis-2.19.so
7f662a681000-7f662a698000 r-xp 00000000 08:06 13631668                   /lib/x86_64-linux-gnu/libnsl-2.19.so
7f662a698000-7f662a897000 ---p 00017000 08:06 13631668                   /lib/x86_64-linux-gnu/libnsl-2.19.so
7f662a897000-7f662a898000 r--p 00016000 08:06 13631668                   /lib/x86_64-linux-gnu/libnsl-2.19.so
7f662a898000-7f662a899000 rw-p 00017000 08:06 13631668                   /lib/x86_64-linux-gnu/libnsl-2.19.so
7f662a899000-7f662a89b000 rw-p 00000000 00:00 0 
7f662a89b000-7f662a8a4000 r-xp 00000000 08:06 13631667                   /lib/x86_64-linux-gnu/libnss_compat-2.19.so
7f662a8a4000-7f662aaa3000 ---p 00009000 08:06 13631667                   /lib/x86_64-linux-gnu/libnss_compat-2.19.so
7f662aaa3000-7f662aaa4000 r--p 00008000 08:06 13631667                   /lib/x86_64-linux-gnu/libnss_compat-2.19.so
7f662aaa4000-7f662aaa5000 rw-p 00009000 08:06 13631667                   /lib/x86_64-linux-gnu/libnss_compat-2.19.so
7f662aaa5000-7f662aad0000 r-xp 00000000 08:06 2110270                    /usr/lib/jvm/java-7-openjdk-amd64/jre/lib/amd64/libjava.so
7f662aad0000-7f662acd0000 ---p 0002b000 08:06 2110270                    /usr/lib/jvm/java-7-openjdk-amd64/jre/lib/amd64/libjava.so
7f662acd0000-7f662acd1000 r--p 0002b000 08:06 2110270                    /usr/lib/jvm/java-7-openjdk-amd64/jre/lib/amd64/libjava.so
7f662acd1000-7f662acd3000 rw-p 0002c000 08:06 2110270                    /usr/lib/jvm/java-7-openjdk-amd64/jre/lib/amd64/libjava.so
7f662acd3000-7f662ace3000 r-xp 00000000 08:06 2110267                    /usr/lib/jvm/java-7-openjdk-amd64/jre/lib/amd64/libverify.so
7f662ace3000-7f662aee2000 ---p 00010000 08:06 2110267                    /usr/lib/jvm/java-7-openjdk-amd64/jre/lib/amd64/libverify.so
7f662aee2000-7f662aee4000 r--p 0000f000 08:06 2110267                    /usr/lib/jvm/java-7-openjdk-amd64/jre/lib/amd64/libverify.so
7f662aee4000-7f662aee5000 rw-p 00011000 08:06 2110267                    /usr/lib/jvm/java-7-openjdk-amd64/jre/lib/amd64/libverify.so
7f662aee5000-7f662aeec000 r-xp 00000000 08:06 13631676                   /lib/x86_64-linux-gnu/librt-2.19.so
7f662aeec000-7f662b0eb000 ---p 00007000 08:06 13631676                   /lib/x86_64-linux-gnu/librt-2.19.so
7f662b0eb000-7f662b0ec000 r--p 00006000 08:06 13631676                   /lib/x86_64-linux-gnu/librt-2.19.so
7f662b0ec000-7f662b0ed000 rw-p 00007000 08:06 13631676                   /lib/x86_64-linux-gnu/librt-2.19.so
7f662b0ed000-7f662b103000 r-xp 00000000 08:06 13635447                   /lib/x86_64-linux-gnu/libgcc_s.so.1
7f662b103000-7f662b302000 ---p 00016000 08:06 13635447                   /lib/x86_64-linux-gnu/libgcc_s.so.1
7f662b302000-7f662b303000 rw-p 00015000 08:06 13635447                   /lib/x86_64-linux-gnu/libgcc_s.so.1
7f662b303000-7f662b408000 r-xp 00000000 08:06 13631658                   /lib/x86_64-linux-gnu/libm-2.19.so
7f662b408000-7f662b607000 ---p 00105000 08:06 13631658                   /lib/x86_64-linux-gnu/libm-2.19.so
7f662b607000-7f662b608000 r--p 00104000 08:06 13631658                   /lib/x86_64-linux-gnu/libm-2.19.so
7f662b608000-7f662b609000 rw-p 00105000 08:06 13631658                   /lib/x86_64-linux-gnu/libm-2.19.so
7f662b609000-7f662b6ef000 r-xp 00000000 08:06 2105883                    /usr/lib/x86_64-linux-gnu/libstdc++.so.6.0.19
7f662b6ef000-7f662b8ee000 ---p 000e6000 08:06 2105883                    /usr/lib/x86_64-linux-gnu/libstdc++.so.6.0.19
7f662b8ee000-7f662b8f6000 r--p 000e5000 08:06 2105883                    /usr/lib/x86_64-linux-gnu/libstdc++.so.6.0.19
7f662b8f6000-7f662b8f8000 rw-p 000ed000 08:06 2105883                    /usr/lib/x86_64-linux-gnu/libstdc++.so.6.0.19
7f662b8f8000-7f662b90d000 rw-p 00000000 00:00 0 
7f662b90d000-7f662c425000 r-xp 00000000 08:06 2110275                    /usr/lib/jvm/java-7-openjdk-amd64/jre/lib/amd64/server/libjvm.so
7f662c425000-7f662c625000 ---p 00b18000 08:06 2110275                    /usr/lib/jvm/java-7-openjdk-amd64/jre/lib/amd64/server/libjvm.so
7f662c625000-7f662c6bf000 r--p 00b18000 08:06 2110275                    /usr/lib/jvm/java-7-openjdk-amd64/jre/lib/amd64/server/libjvm.so
7f662c6bf000-7f662c6e2000 rw-p 00bb2000 08:06 2110275                    /usr/lib/jvm/java-7-openjdk-amd64/jre/lib/amd64/server/libjvm.so
7f662c6e2000-7f662c710000 rw-p 00000000 00:00 0 
7f662c710000-7f662c728000 r-xp 00000000 08:06 13635633                   /lib/x86_64-linux-gnu/libz.so.1.2.8
7f662c728000-7f662c927000 ---p 00018000 08:06 13635633                   /lib/x86_64-linux-gnu/libz.so.1.2.8
7f662c927000-7f662c928000 r--p 00017000 08:06 13635633                   /lib/x86_64-linux-gnu/libz.so.1.2.8
7f662c928000-7f662c929000 rw-p 00018000 08:06 13635633                   /lib/x86_64-linux-gnu/libz.so.1.2.8
7f662c929000-7f662c942000 r-xp 00000000 08:06 13631674                   /lib/x86_64-linux-gnu/libpthread-2.19.so
7f662c942000-7f662cb41000 ---p 00019000 08:06 13631674                   /lib/x86_64-linux-gnu/libpthread-2.19.so
7f662cb41000-7f662cb42000 r--p 00018000 08:06 13631674                   /lib/x86_64-linux-gnu/libpthread-2.19.so
7f662cb42000-7f662cb43000 rw-p 00019000 08:06 13631674                   /lib/x86_64-linux-gnu/libpthread-2.19.so
7f662cb43000-7f662cb47000 rw-p 00000000 00:00 0 
7f662cb47000-7f662cb4a000 r-xp 00000000 08:06 13631662                   /lib/x86_64-linux-gnu/libdl-2.19.so
7f662cb4a000-7f662cd49000 ---p 00003000 08:06 13631662                   /lib/x86_64-linux-gnu/libdl-2.19.so
7f662cd49000-7f662cd4a000 r--p 00002000 08:06 13631662                   /lib/x86_64-linux-gnu/libdl-2.19.so
7f662cd4a000-7f662cd4b000 rw-p 00003000 08:06 13631662                   /lib/x86_64-linux-gnu/libdl-2.19.so
7f662cd4b000-7f662cf06000 r-xp 00000000 08:06 13631673                   /lib/x86_64-linux-gnu/libc-2.19.so
7f662cf06000-7f662d105000 ---p 001bb000 08:06 13631673                   /lib/x86_64-linux-gnu/libc-2.19.so
7f662d105000-7f662d109000 r--p 001ba000 08:06 13631673                   /lib/x86_64-linux-gnu/libc-2.19.so
7f662d109000-7f662d10b000 rw-p 001be000 08:06 13631673                   /lib/x86_64-linux-gnu/libc-2.19.so
7f662d10b000-7f662d110000 rw-p 00000000 00:00 0 
7f662d110000-7f662d11d000 r-xp 00000000 08:06 2110246                    /usr/lib/jvm/java-7-openjdk-amd64/jre/lib/amd64/jli/libjli.so
7f662d11d000-7f662d31c000 ---p 0000d000 08:06 2110246                    /usr/lib/jvm/java-7-openjdk-amd64/jre/lib/amd64/jli/libjli.so
7f662d31c000-7f662d31d000 r--p 0000c000 08:06 2110246                    /usr/lib/jvm/java-7-openjdk-amd64/jre/lib/amd64/jli/libjli.so
7f662d31d000-7f662d31e000 rw-p 0000d000 08:06 2110246                    /usr/lib/jvm/java-7-openjdk-amd64/jre/lib/amd64/jli/libjli.so
7f662d31e000-7f662d341000 r-xp 00000000 08:06 13631670                   /lib/x86_64-linux-gnu/ld-2.19.so
7f662d341000-7f662d343000 r--s 00000000 08:06 4725338                    /root/.gradle/wrapper/dists/gradle-2.2.1-all/2m8005s69iu8v0oiejfej094b/gradle-2.2.1/lib/jul-to-slf4j-1.7.7.jar
7f662d343000-7f662d348000 r--s 00036000 08:06 4725330                    /root/.gradle/wrapper/dists/gradle-2.2.1-all/2m8005s69iu8v0oiejfej094b/gradle-2.2.1/lib/asm-all-5.0.3.jar
7f662d348000-7f662d34e000 r--s 00026000 08:06 4725319                    /root/.gradle/wrapper/dists/gradle-2.2.1-all/2m8005s69iu8v0oiejfej094b/gradle-2.2.1/lib/gradle-base-services-2.2.1.jar
7f662d34e000-7f662d356000 r--s 0003c000 08:06 4725317                    /root/.gradle/wrapper/dists/gradle-2.2.1-all/2m8005s69iu8v0oiejfej094b/gradle-2.2.1/lib/gradle-launcher-2.2.1.jar
7f662d356000-7f662d364000 rw-p 00000000 00:00 0 
7f662d364000-7f662d416000 rw-p 00000000 00:00 0 
7f662d416000-7f662d419000 ---p 00000000 00:00 0 
7f662d419000-7f662d51c000 rw-p 00000000 00:00 0                          [stack:12534]
7f662d51c000-7f662d51d000 r--s 00000000 08:06 4725340                    /root/.gradle/wrapper/dists/gradle-2.2.1-all/2m8005s69iu8v0oiejfej094b/gradle-2.2.1/lib/javax.inject-1.jar
7f662d51d000-7f662d51e000 r--s 00000000 08:06 4725337                    /root/.gradle/wrapper/dists/gradle-2.2.1-all/2m8005s69iu8v0oiejfej094b/gradle-2.2.1/lib/jcip-annotations-1.0.jar
7f662d51e000-7f662d520000 r--s 00006000 08:06 4725325                    /root/.gradle/wrapper/dists/gradle-2.2.1-all/2m8005s69iu8v0oiejfej094b/gradle-2.2.1/lib/slf4j-api-1.7.7.jar
7f662d520000-7f662d521000 r--s 00004000 08:06 4725353                    /root/.gradle/wrapper/dists/gradle-2.2.1-all/2m8005s69iu8v0oiejfej094b/gradle-2.2.1/lib/ant-launcher-1.9.3.jar
7f662d521000-7f662d525000 r--s 0003c000 08:06 2110282                    /usr/lib/jvm/java-7-openjdk-amd64/jre/lib/ext/sunpkcs11.jar
7f662d525000-7f662d527000 r--s 00012000 08:06 2110285                    /usr/lib/jvm/java-7-openjdk-amd64/jre/lib/ext/zipfs.jar
7f662d527000-7f662d528000 r--s 00002000 08:06 2110281                    /usr/lib/jvm/java-7-openjdk-amd64/jre/lib/ext/dnsns.jar
7f662d528000-7f662d52a000 r--s 00006000 08:06 2490457                    /usr/share/java/java-atk-wrapper.jar
7f662d52a000-7f662d52d000 r--s 0000f000 08:06 2110280                    /usr/lib/jvm/java-7-openjdk-amd64/jre/lib/ext/icedtea-sound.jar
7f662d52d000-7f662d531000 r--s 00034000 08:06 2110284                    /usr/lib/jvm/java-7-openjdk-amd64/jre/lib/ext/sunjce_provider.jar
7f662d531000-7f662d534000 r--s 00086000 08:06 2110283                    /usr/lib/jvm/java-7-openjdk-amd64/jre/lib/ext/localedata.jar
7f662d534000-7f662d53c000 rw-s 00000000 08:06 5379242                    /tmp/hsperfdata_root/12531
7f662d53c000-7f662d53d000 rw-p 00000000 00:00 0 
7f662d53d000-7f662d53e000 ---p 00000000 00:00 0 
7f662d53e000-7f662d540000 rw-p 00000000 00:00 0 
7f662d540000-7f662d541000 r--p 00022000 08:06 13631670                   /lib/x86_64-linux-gnu/ld-2.19.so
7f662d541000-7f662d542000 rw-p 00023000 08:06 13631670                   /lib/x86_64-linux-gnu/ld-2.19.so
7f662d542000-7f662d543000 rw-p 00000000 00:00 0 
7fff44a2f000-7fff44a50000 rw-p 00000000 00:00 0                          [stack]
7fff44bc7000-7fff44bc9000 r-xp 00000000 00:00 0                          [vdso]
ffffffffff600000-ffffffffff601000 r-xp 00000000 00:00 0                  [vsyscall]

VM Arguments:
jvm_args: -XX:MaxPermSize=256m -XX:+HeapDumpOnOutOfMemoryError -Xmx1024m -Dfile.encoding=UTF-8 -Duser.country=US -Duser.language=en -Duser.variant 
java_command: org.gradle.launcher.daemon.bootstrap.GradleDaemon 2.2.1 /root/.gradle/daemon 10800000 baf48be1-a6a4-4a6d-9330-9035ae1570c6 -XX:MaxPermSize=256m -XX:+HeapDumpOnOutOfMemoryError -Xmx1024m -Dfile.encoding=UTF-8 -Duser.country=US -Duser.language=en -Duser.variant
Launcher Type: SUN_STANDARD

Environment Variables:
JAVA_HOME=/usr/lib/jvm/java-7-openjdk-amd64
PATH=/usr/local/sbin:/usr/local/bin:/usr/sbin:/usr/bin:/sbin:/bin:/usr/bin/node:/home/johnny/Downloads/libs/android-sdk-linux/platform-tools:/home/johnny/Downloads/libs/android-sdk-linux/tools
SHELL=/bin/bash
DISPLAY=:0

Signal Handlers:
SIGSEGV: [libjvm.so+0x94b9a0], sa_mask[0]=0x7ffbfeff, sa_flags=0x10000004
SIGBUS: [libjvm.so+0x94b9a0], sa_mask[0]=0x7ffbfeff, sa_flags=0x10000004
SIGFPE: [libjvm.so+0x7c3880], sa_mask[0]=0x7ffbfeff, sa_flags=0x10000004
SIGPIPE: SIG_IGN, sa_mask[0]=0x00000000, sa_flags=0x00000000
SIGXFSZ: [libjvm.so+0x7c3880], sa_mask[0]=0x7ffbfeff, sa_flags=0x10000004
SIGILL: [libjvm.so+0x7c3880], sa_mask[0]=0x7ffbfeff, sa_flags=0x10000004
SIGUSR1: SIG_DFL, sa_mask[0]=0x00000000, sa_flags=0x00000000
SIGUSR2: [libjvm.so+0x7c3720], sa_mask[0]=0x00000004, sa_flags=0x10000004
SIGHUP: [libjvm.so+0x7c3900], sa_mask[0]=0x7ffbfeff, sa_flags=0x10000004
SIGINT: [libjvm.so+0x7c3900], sa_mask[0]=0x7ffbfeff, sa_flags=0x10000004
SIGTERM: [libjvm.so+0x7c3900], sa_mask[0]=0x7ffbfeff, sa_flags=0x10000004
SIGQUIT: [libjvm.so+0x7c3900], sa_mask[0]=0x7ffbfeff, sa_flags=0x10000004
SIGTRAP: SIG_DFL, sa_mask[0]=0x00000000, sa_flags=0x00000000


---------------  S Y S T E M  ---------------

OS:Ubuntu 14.04 (trusty)
uname:Linux 3.13.0-53-generic #89-Ubuntu SMP Wed May 20 10:34:39 UTC 2015 x86_64
libc:glibc 2.19 NPTL 2.19 
rlimit: STACK 8192k, CORE 0k, NPROC 29136, NOFILE 4096, AS infinity
load average:3.12 1.52 1.03

/proc/meminfo:
MemTotal:        3931364 kB
MemFree:          124592 kB
Buffers:            1128 kB
Cached:           439116 kB
SwapCached:         8624 kB
Active:          2765836 kB
Inactive:         838112 kB
Active(anon):    2764108 kB
Inactive(anon):   810444 kB
Active(file):       1728 kB
Inactive(file):    27668 kB
Unevictable:          16 kB
Mlocked:              16 kB
SwapTotal:        358396 kB
SwapFree:              0 kB
Dirty:               332 kB
Writeback:             0 kB
AnonPages:       3155272 kB
Mapped:           200936 kB
Shmem:            410680 kB
Slab:              86840 kB
SReclaimable:      44356 kB
SUnreclaim:        42484 kB
KernelStack:        6432 kB
PageTables:        51760 kB
NFS_Unstable:          0 kB
Bounce:                0 kB
WritebackTmp:          0 kB
CommitLimit:     2324076 kB
Committed_AS:    8770056 kB
VmallocTotal:   34359738367 kB
VmallocUsed:      347640 kB
VmallocChunk:   34359349372 kB
HardwareCorrupted:     0 kB
AnonHugePages:    716800 kB
HugePages_Total:       0
HugePages_Free:        0
HugePages_Rsvd:        0
HugePages_Surp:        0
Hugepagesize:       2048 kB
DirectMap4k:       88132 kB
DirectMap2M:     3989504 kB


CPU:total 4 (2 cores per cpu, 2 threads per core) family 6 model 58 stepping 9, cmov, cx8, fxsr, mmx, sse, sse2, sse3, ssse3, sse4.1, sse4.2, popcnt, avx, aes, erms, ht, tsc, tscinvbit, tscinv

/proc/cpuinfo:
processor	: 0
vendor_id	: GenuineIntel
cpu family	: 6
model		: 58
model name	: Intel(R) Core(TM) i5-3210M CPU @ 2.50GHz
stepping	: 9
microcode	: 0x12
cpu MHz		: 2501.000
cache size	: 3072 KB
physical id	: 0
siblings	: 4
core id		: 0
cpu cores	: 2
apicid		: 0
initial apicid	: 0
fpu		: yes
fpu_exception	: yes
cpuid level	: 13
wp		: yes
flags		: fpu vme de pse tsc msr pae mce cx8 apic sep mtrr pge mca cmov pat pse36 clflush dts acpi mmx fxsr sse sse2 ss ht tm pbe syscall nx rdtscp lm constant_tsc arch_perfmon pebs bts rep_good nopl xtopology nonstop_tsc aperfmperf eagerfpu pni pclmulqdq dtes64 monitor ds_cpl vmx est tm2 ssse3 cx16 xtpr pdcm pcid sse4_1 sse4_2 x2apic popcnt tsc_deadline_timer aes xsave avx f16c rdrand lahf_lm ida arat epb xsaveopt pln pts dtherm tpr_shadow vnmi flexpriority ept vpid fsgsbase smep erms
bogomips	: 4988.64
clflush size	: 64
cache_alignment	: 64
address sizes	: 36 bits physical, 48 bits virtual
power management:

processor	: 1
vendor_id	: GenuineIntel
cpu family	: 6
model		: 58
model name	: Intel(R) Core(TM) i5-3210M CPU @ 2.50GHz
stepping	: 9
microcode	: 0x12
cpu MHz		: 2501.000
cache size	: 3072 KB
physical id	: 0
siblings	: 4
core id		: 1
cpu cores	: 2
apicid		: 2
initial apicid	: 2
fpu		: yes
fpu_exception	: yes
cpuid level	: 13
wp		: yes
flags		: fpu vme de pse tsc msr pae mce cx8 apic sep mtrr pge mca cmov pat pse36 clflush dts acpi mmx fxsr sse sse2 ss ht tm pbe syscall nx rdtscp lm constant_tsc arch_perfmon pebs bts rep_good nopl xtopology nonstop_tsc aperfmperf eagerfpu pni pclmulqdq dtes64 monitor ds_cpl vmx est tm2 ssse3 cx16 xtpr pdcm pcid sse4_1 sse4_2 x2apic popcnt tsc_deadline_timer aes xsave avx f16c rdrand lahf_lm ida arat epb xsaveopt pln pts dtherm tpr_shadow vnmi flexpriority ept vpid fsgsbase smep erms
bogomips	: 4988.64
clflush size	: 64
cache_alignment	: 64
address sizes	: 36 bits physical, 48 bits virtual
power management:

processor	: 2
vendor_id	: GenuineIntel
cpu family	: 6
model		: 58
model name	: Intel(R) Core(TM) i5-3210M CPU @ 2.50GHz
stepping	: 9
microcode	: 0x12
cpu MHz		: 2501.000
cache size	: 3072 KB
physical id	: 0
siblings	: 4
core id		: 0
cpu cores	: 2
apicid		: 1
initial apicid	: 1
fpu		: yes
fpu_exception	: yes
cpuid level	: 13
wp		: yes
flags		: fpu vme de pse tsc msr pae mce cx8 apic sep mtrr pge mca cmov pat pse36 clflush dts acpi mmx fxsr sse sse2 ss ht tm pbe syscall nx rdtscp lm constant_tsc arch_perfmon pebs bts rep_good nopl xtopology nonstop_tsc aperfmperf eagerfpu pni pclmulqdq dtes64 monitor ds_cpl vmx est tm2 ssse3 cx16 xtpr pdcm pcid sse4_1 sse4_2 x2apic popcnt tsc_deadline_timer aes xsave avx f16c rdrand lahf_lm ida arat epb xsaveopt pln pts dtherm tpr_shadow vnmi flexpriority ept vpid fsgsbase smep erms
bogomips	: 4988.64
clflush size	: 64
cache_alignment	: 64
address sizes	: 36 bits physical, 48 bits virtual
power management:

processor	: 3
vendor_id	: GenuineIntel
cpu family	: 6
model		: 58
model name	: Intel(R) Core(TM) i5-3210M CPU @ 2.50GHz
stepping	: 9
microcode	: 0x12
cpu MHz		: 2501.000
cache size	: 3072 KB
physical id	: 0
siblings	: 4
core id		: 1
cpu cores	: 2
apicid		: 3
initial apicid	: 3
fpu		: yes
fpu_exception	: yes
cpuid level	: 13
wp		: yes
flags		: fpu vme de pse tsc msr pae mce cx8 apic sep mtrr pge mca cmov pat pse36 clflush dts acpi mmx fxsr sse sse2 ss ht tm pbe syscall nx rdtscp lm constant_tsc arch_perfmon pebs bts rep_good nopl xtopology nonstop_tsc aperfmperf eagerfpu pni pclmulqdq dtes64 monitor ds_cpl vmx est tm2 ssse3 cx16 xtpr pdcm pcid sse4_1 sse4_2 x2apic popcnt tsc_deadline_timer aes xsave avx f16c rdrand lahf_lm ida arat epb xsaveopt pln pts dtherm tpr_shadow vnmi flexpriority ept vpid fsgsbase smep erms
bogomips	: 4988.64
clflush size	: 64
cache_alignment	: 64
address sizes	: 36 bits physical, 48 bits virtual
power management:



Memory: 4k page, physical 3931364k(124592k free), swap 358396k(0k free)

vm_info: OpenJDK 64-Bit Server VM (24.79-b02) for linux-amd64 JRE (1.7.0_79-b14), built on Apr 16 2015 08:21:58 by "buildd" with gcc 4.8.2

time: Wed Sep  9 22:00:42 2015
elapsed time: 20 seconds

